#
# There is insufficient memory for the Java Runtime Environment to continue.
# Native memory allocation (malloc) failed to allocate 670576 bytes for Chunk::new
# Possible reasons:
#   The system is out of physical RAM or swap space
#   The process is running with CompressedOops enabled, and the Java Heap may be blocking the growth of the native heap
# Possible solutions:
#   Reduce memory load on the system
#   Increase physical memory or swap space
#   Check if swap backing store is full
#   Decrease Java heap size (-Xmx/-Xms)
#   Decrease number of Java threads
#   Decrease Java thread stack sizes (-Xss)
#   Set larger code cache with -XX:ReservedCodeCacheSize=
#   JVM is running with Unscaled Compressed Oops mode in which the Java heap is
#     placed in the first 4GB address space. The Java Heap base address is the
#     maximum limit for the native heap growth. Please use -XX:HeapBaseMinAddress
#     to set the Java Heap base and to place the Java Heap above 4GB virtual address.
# This output file may be truncated or incomplete.
#
#  Out of Memory Error (arena.cpp:168), pid=14348, tid=10528
#
# JRE version: OpenJDK Runtime Environment (21.0.1+12) (build 21.0.1+12-29)
# Java VM: OpenJDK 64-Bit Server VM (21.0.1+12-29, mixed mode, sharing, tiered, compressed oops, compressed class ptrs, g1 gc, windows-amd64)
# No core dump will be written. Minidumps are not enabled by default on client versions of Windows
#

---------------  S U M M A R Y ------------

Command Line: -javaagent:C:\Program Files\JetBrains\IntelliJ IDEA Community Edition 2023.2.5\lib\idea_rt.jar=58105:C:\Program Files\JetBrains\IntelliJ IDEA Community Edition 2023.2.5\bin -Dfile.encoding=UTF-8 -Dsun.stdout.encoding=UTF-8 -Dsun.stderr.encoding=UTF-8 com.example.demo.DemoApplication

Host: Intel(R) Pentium(R) CPU N4200 @ 1.10GHz, 4 cores, 3G,  Windows 10 , 64 bit Build 19041 (10.0.19041.3636)
Time: Tue Jan 16 03:37:47 2024 RTZ 2 (s 10 , 64 bit Build 19041 (10.0.19041.3636) elapsed time: 32.342853 seconds (0d 0h 0m 32s)

---------------  T H R E A D  ---------------

Current thread (0x0000017b2982aae0):  JavaThread "C2 CompilerThread0" daemon [_thread_in_native, id=10528, stack(0x0000002cf7900000,0x0000002cf7a00000) (1024K)]


Current CompileTask:
C2:  32343 4609       4       java.security.SecureClassLoader::defineClass (16 bytes)

Stack: [0x0000002cf7900000,0x0000002cf7a00000]
Native frames: (J=compiled Java code, j=interpreted, Vv=VM code, C=native code)
V  [jvm.dll+0x6c9029]
V  [jvm.dll+0x854b81]
V  [jvm.dll+0x856e5e]
V  [jvm.dll+0x857543]
V  [jvm.dll+0x280c06]
V  [jvm.dll+0xc3ead]
V  [jvm.dll+0xc43c3]
V  [jvm.dll+0x3b576c]
V  [jvm.dll+0x382475]
V  [jvm.dll+0x3818ea]
V  [jvm.dll+0x249ad0]
V  [jvm.dll+0x2490b1]
V  [jvm.dll+0x1c9ca1]
V  [jvm.dll+0x2586b9]
V  [jvm.dll+0x256c9a]
V  [jvm.dll+0x3ef1b6]
V  [jvm.dll+0x7fd728]
V  [jvm.dll+0x6c777d]
C  [ucrtbase.dll+0x21bb2]
C  [KERNEL32.DLL+0x17344]
C  [ntdll.dll+0x526b1]


---------------  P R O C E S S  ---------------

Threads class SMR info:
_java_thread_list=0x0000017b7861a690, length=18, elements={
0x0000017b0ec05aa0, 0x0000017b2980cb40, 0x0000017b29817a90, 0x0000017b2981fba0,
0x0000017b29820880, 0x0000017b298212e0, 0x0000017b29821d40, 0x0000017b2982aae0,
0x0000017b29839680, 0x0000017b29a55790, 0x0000017b77560710, 0x0000017b77560d80,
0x0000017b777a1220, 0x0000017b794d2090, 0x0000017b793cbbd0, 0x0000017b78489950,
0x0000017b7848ad00, 0x0000017b784885a0
}

Java Threads: ( => current thread )
  0x0000017b0ec05aa0 JavaThread "main"                              [_thread_in_vm, id=13844, stack(0x0000002cf6b00000,0x0000002cf6c00000) (1024K)]
  0x0000017b2980cb40 JavaThread "Reference Handler"          daemon [_thread_blocked, id=15036, stack(0x0000002cf7300000,0x0000002cf7400000) (1024K)]
  0x0000017b29817a90 JavaThread "Finalizer"                  daemon [_thread_blocked, id=5088, stack(0x0000002cf7400000,0x0000002cf7500000) (1024K)]
  0x0000017b2981fba0 JavaThread "Signal Dispatcher"          daemon [_thread_blocked, id=13396, stack(0x0000002cf7500000,0x0000002cf7600000) (1024K)]
  0x0000017b29820880 JavaThread "Attach Listener"            daemon [_thread_blocked, id=11788, stack(0x0000002cf7600000,0x0000002cf7700000) (1024K)]
  0x0000017b298212e0 JavaThread "Service Thread"             daemon [_thread_blocked, id=9348, stack(0x0000002cf7700000,0x0000002cf7800000) (1024K)]
  0x0000017b29821d40 JavaThread "Monitor Deflation Thread"   daemon [_thread_blocked, id=9840, stack(0x0000002cf7800000,0x0000002cf7900000) (1024K)]
=>0x0000017b2982aae0 JavaThread "C2 CompilerThread0"         daemon [_thread_in_native, id=10528, stack(0x0000002cf7900000,0x0000002cf7a00000) (1024K)]
  0x0000017b29839680 JavaThread "C1 CompilerThread0"         daemon [_thread_blocked, id=6108, stack(0x0000002cf7a00000,0x0000002cf7b00000) (1024K)]
  0x0000017b29a55790 JavaThread "Common-Cleaner"             daemon [_thread_blocked, id=10632, stack(0x0000002cf7b00000,0x0000002cf7c00000) (1024K)]
  0x0000017b77560710 JavaThread "Monitor Ctrl-Break"         daemon [_thread_in_native, id=10896, stack(0x0000002cf7c00000,0x0000002cf7d00000) (1024K)]
  0x0000017b77560d80 JavaThread "Notification Thread"        daemon [_thread_blocked, id=6436, stack(0x0000002cf7d00000,0x0000002cf7e00000) (1024K)]
  0x0000017b777a1220 JavaThread "Catalina-utility-1"                [_thread_blocked, id=10672, stack(0x0000002cf8100000,0x0000002cf8200000) (1024K)]
  0x0000017b794d2090 JavaThread "Catalina-utility-2"                [_thread_blocked, id=6708, stack(0x0000002cf8200000,0x0000002cf8300000) (1024K)]
  0x0000017b793cbbd0 JavaThread "container-0"                       [_thread_blocked, id=12300, stack(0x0000002cf8300000,0x0000002cf8400000) (1024K)]
  0x0000017b78489950 JavaThread "PostgreSQL-JDBC-Cleaner"    daemon [_thread_blocked, id=6508, stack(0x0000002cf8500000,0x0000002cf8600000) (1024K)]
  0x0000017b7848ad00 JavaThread "HikariPool-1 housekeeper"   daemon [_thread_blocked, id=11376, stack(0x0000002cf8600000,0x0000002cf8700000) (1024K)]
  0x0000017b784885a0 JavaThread "HikariPool-1 connection adder" daemon [_thread_blocked, id=14160, stack(0x0000002cf8700000,0x0000002cf8800000) (1024K)]
Total: 18

Other Threads:
  0x0000017b0ecc5340 VMThread "VM Thread"                           [id=9812, stack(0x0000002cf7200000,0x0000002cf7300000) (1024K)]
  0x0000017b0ecafc30 WatcherThread "VM Periodic Task Thread"        [id=15120, stack(0x0000002cf7100000,0x0000002cf7200000) (1024K)]
  0x0000017b0ec3dc60 WorkerThread "GC Thread#0"                     [id=9956, stack(0x0000002cf6c00000,0x0000002cf6d00000) (1024K)]
  0x0000017b7766e130 WorkerThread "GC Thread#1"                     [id=9716, stack(0x0000002cf7e00000,0x0000002cf7f00000) (1024K)]
  0x0000017b776b0f50 WorkerThread "GC Thread#2"                     [id=3316, stack(0x0000002cf7f00000,0x0000002cf8000000) (1024K)]
  0x0000017b776dc980 WorkerThread "GC Thread#3"                     [id=788, stack(0x0000002cf8000000,0x0000002cf8100000) (1024K)]
  0x0000017b0ec46800 ConcurrentGCThread "G1 Main Marker"            [id=8792, stack(0x0000002cf6d00000,0x0000002cf6e00000) (1024K)]
  0x0000017b0ec474b0 WorkerThread "G1 Conc#0"                       [id=9024, stack(0x0000002cf6e00000,0x0000002cf6f00000) (1024K)]
  0x0000017b0ec9ec10 ConcurrentGCThread "G1 Refine#0"               [id=14172, stack(0x0000002cf6f00000,0x0000002cf7000000) (1024K)]
  0x0000017b0ec9f690 ConcurrentGCThread "G1 Service"                [id=6256, stack(0x0000002cf7000000,0x0000002cf7100000) (1024K)]
Total: 10

Threads with active compile tasks:
C2 CompilerThread0    32401 4609       4       java.security.SecureClassLoader::defineClass (16 bytes)
Total: 1

VM state: not at safepoint (normal execution)

VM Mutex/Monitor currently owned by a thread: None

Heap address: 0x00000000c2200000, size: 990 MB, Compressed Oops mode: 32-bit

CDS archive(s) mapped at: [0x0000017b2a000000-0x0000017b2ac90000-0x0000017b2ac90000), size 13172736, SharedBaseAddress: 0x0000017b2a000000, ArchiveRelocationMode: 1.
Compressed class space mapped at: 0x0000017b2b000000-0x0000017b6b000000, reserved size: 1073741824
Narrow klass base: 0x0000017b2a000000, Narrow klass shift: 0, Narrow klass range: 0x100000000

GC Precious Log:
 CardTable entry size: 512
 Card Set container configuration: InlinePtr #cards 5 size 8 Array Of Cards #cards 12 size 40 Howl #buckets 4 coarsen threshold 1843 Howl Bitmap #cards 512 size 80 coarsen threshold 460 Card regions per heap region 1 cards per card region 2048
 CPUs: 4 total, 4 available
 Memory: 3959M
 Large Page Support: Disabled
 NUMA Support: Disabled
 Compressed Oops: Enabled (32-bit)
 Heap Region Size: 1M
 Heap Min Capacity: 8M
 Heap Initial Capacity: 62M
 Heap Max Capacity: 990M
 Pre-touch: Disabled
 Parallel Workers: 4
 Concurrent Workers: 1
 Concurrent Refinement Workers: 4
 Periodic GC: Disabled

Heap:
 garbage-first heap   total 55296K, used 33739K [0x00000000c2200000, 0x0000000100000000)
  region size 1024K, 17 young (17408K), 3 survivors (3072K)
 Metaspace       used 48203K, committed 48832K, reserved 1114112K
  class space    used 6328K, committed 6592K, reserved 1048576K

Heap Regions: E=young(eden), S=young(survivor), O=old, HS=humongous(starts), HC=humongous(continues), CS=collection set, F=free, TAMS=top-at-mark-start, PB=parsable bottom
|   0|0x00000000c2200000, 0x00000000c2300000, 0x00000000c2300000|100%|HS|  |TAMS 0x00000000c2200000| PB 0x00000000c2200000| Complete 
|   1|0x00000000c2300000, 0x00000000c2400000, 0x00000000c2400000|100%| O|  |TAMS 0x00000000c2300000| PB 0x00000000c2300000| Untracked 
|   2|0x00000000c2400000, 0x00000000c2500000, 0x00000000c2500000|100%| O|  |TAMS 0x00000000c2400000| PB 0x00000000c2400000| Untracked 
|   3|0x00000000c2500000, 0x00000000c2600000, 0x00000000c2600000|100%| O|  |TAMS 0x00000000c2500000| PB 0x00000000c2500000| Untracked 
|   4|0x00000000c2600000, 0x00000000c2700000, 0x00000000c2700000|100%| O|  |TAMS 0x00000000c2600000| PB 0x00000000c2600000| Untracked 
|   5|0x00000000c2700000, 0x00000000c2800000, 0x00000000c2800000|100%| O|  |TAMS 0x00000000c2700000| PB 0x00000000c2700000| Untracked 
|   6|0x00000000c2800000, 0x00000000c2900000, 0x00000000c2900000|100%| O|  |TAMS 0x00000000c2800000| PB 0x00000000c2800000| Untracked 
|   7|0x00000000c2900000, 0x00000000c2a00000, 0x00000000c2a00000|100%| O|  |TAMS 0x00000000c2900000| PB 0x00000000c2900000| Untracked 
|   8|0x00000000c2a00000, 0x00000000c2b00000, 0x00000000c2b00000|100%| O|  |TAMS 0x00000000c2a00000| PB 0x00000000c2a00000| Untracked 
|   9|0x00000000c2b00000, 0x00000000c2c00000, 0x00000000c2c00000|100%| O|  |TAMS 0x00000000c2b00000| PB 0x00000000c2b00000| Untracked 
|  10|0x00000000c2c00000, 0x00000000c2d00000, 0x00000000c2d00000|100%| O|  |TAMS 0x00000000c2c00000| PB 0x00000000c2c00000| Untracked 
|  11|0x00000000c2d00000, 0x00000000c2e00000, 0x00000000c2e00000|100%| O|  |TAMS 0x00000000c2d00000| PB 0x00000000c2d00000| Untracked 
|  12|0x00000000c2e00000, 0x00000000c2f00000, 0x00000000c2f00000|100%| O|  |TAMS 0x00000000c2e00000| PB 0x00000000c2e00000| Untracked 
|  13|0x00000000c2f00000, 0x00000000c3000000, 0x00000000c3000000|100%| O|Cm|TAMS 0x00000000c2f00000| PB 0x00000000c2f00000| Complete 
|  14|0x00000000c3000000, 0x00000000c3100000, 0x00000000c3100000|100%| O|  |TAMS 0x00000000c3000000| PB 0x00000000c3000000| Untracked 
|  15|0x00000000c3100000, 0x00000000c3200000, 0x00000000c3200000|100%| O|  |TAMS 0x00000000c3100000| PB 0x00000000c3100000| Untracked 
|  16|0x00000000c3200000, 0x00000000c3300000, 0x00000000c3300000|100%| O|  |TAMS 0x00000000c3200000| PB 0x00000000c3200000| Untracked 
|  17|0x00000000c3300000, 0x00000000c3400000, 0x00000000c3400000|100%| O|  |TAMS 0x00000000c3300000| PB 0x00000000c3300000| Untracked 
|  18|0x00000000c3400000, 0x00000000c3453080, 0x00000000c3500000| 32%| O|  |TAMS 0x00000000c3400000| PB 0x00000000c3400000| Untracked 
|  19|0x00000000c3500000, 0x00000000c3500000, 0x00000000c3600000|  0%| F|  |TAMS 0x00000000c3500000| PB 0x00000000c3500000| Untracked 
|  20|0x00000000c3600000, 0x00000000c3600000, 0x00000000c3700000|  0%| F|  |TAMS 0x00000000c3600000| PB 0x00000000c3600000| Untracked 
|  21|0x00000000c3700000, 0x00000000c3700000, 0x00000000c3800000|  0%| F|  |TAMS 0x00000000c3700000| PB 0x00000000c3700000| Untracked 
|  22|0x00000000c3800000, 0x00000000c389fcc0, 0x00000000c3900000| 62%| S|CS|TAMS 0x00000000c3800000| PB 0x00000000c3800000| Complete 
|  23|0x00000000c3900000, 0x00000000c3a00000, 0x00000000c3a00000|100%| S|CS|TAMS 0x00000000c3900000| PB 0x00000000c3900000| Complete 
|  24|0x00000000c3a00000, 0x00000000c3b00000, 0x00000000c3b00000|100%| S|CS|TAMS 0x00000000c3a00000| PB 0x00000000c3a00000| Complete 
|  25|0x00000000c3b00000, 0x00000000c3b00000, 0x00000000c3c00000|  0%| F|  |TAMS 0x00000000c3b00000| PB 0x00000000c3b00000| Untracked 
|  26|0x00000000c3c00000, 0x00000000c3c00000, 0x00000000c3d00000|  0%| F|  |TAMS 0x00000000c3c00000| PB 0x00000000c3c00000| Untracked 
|  27|0x00000000c3d00000, 0x00000000c3d00000, 0x00000000c3e00000|  0%| F|  |TAMS 0x00000000c3d00000| PB 0x00000000c3d00000| Untracked 
|  28|0x00000000c3e00000, 0x00000000c3e00000, 0x00000000c3f00000|  0%| F|  |TAMS 0x00000000c3e00000| PB 0x00000000c3e00000| Untracked 
|  29|0x00000000c3f00000, 0x00000000c3f00000, 0x00000000c4000000|  0%| F|  |TAMS 0x00000000c3f00000| PB 0x00000000c3f00000| Untracked 
|  30|0x00000000c4000000, 0x00000000c4000000, 0x00000000c4100000|  0%| F|  |TAMS 0x00000000c4000000| PB 0x00000000c4000000| Untracked 
|  31|0x00000000c4100000, 0x00000000c4100000, 0x00000000c4200000|  0%| F|  |TAMS 0x00000000c4100000| PB 0x00000000c4100000| Untracked 
|  32|0x00000000c4200000, 0x00000000c4200000, 0x00000000c4300000|  0%| F|  |TAMS 0x00000000c4200000| PB 0x00000000c4200000| Untracked 
|  33|0x00000000c4300000, 0x00000000c4300000, 0x00000000c4400000|  0%| F|  |TAMS 0x00000000c4300000| PB 0x00000000c4300000| Untracked 
|  34|0x00000000c4400000, 0x00000000c4400000, 0x00000000c4500000|  0%| F|  |TAMS 0x00000000c4400000| PB 0x00000000c4400000| Untracked 
|  35|0x00000000c4500000, 0x00000000c4500000, 0x00000000c4600000|  0%| F|  |TAMS 0x00000000c4500000| PB 0x00000000c4500000| Untracked 
|  36|0x00000000c4600000, 0x00000000c4600000, 0x00000000c4700000|  0%| F|  |TAMS 0x00000000c4600000| PB 0x00000000c4600000| Untracked 
|  37|0x00000000c4700000, 0x00000000c4700000, 0x00000000c4800000|  0%| F|  |TAMS 0x00000000c4700000| PB 0x00000000c4700000| Untracked 
|  38|0x00000000c4800000, 0x00000000c4800000, 0x00000000c4900000|  0%| F|  |TAMS 0x00000000c4800000| PB 0x00000000c4800000| Untracked 
|  39|0x00000000c4900000, 0x00000000c4900000, 0x00000000c4a00000|  0%| F|  |TAMS 0x00000000c4900000| PB 0x00000000c4900000| Untracked 
|  40|0x00000000c4a00000, 0x00000000c4a7f560, 0x00000000c4b00000| 49%| E|  |TAMS 0x00000000c4a00000| PB 0x00000000c4a00000| Complete 
|  41|0x00000000c4b00000, 0x00000000c4c00000, 0x00000000c4c00000|100%| E|CS|TAMS 0x00000000c4b00000| PB 0x00000000c4b00000| Complete 
|  42|0x00000000c4c00000, 0x00000000c4d00000, 0x00000000c4d00000|100%| E|CS|TAMS 0x00000000c4c00000| PB 0x00000000c4c00000| Complete 
|  43|0x00000000c4d00000, 0x00000000c4e00000, 0x00000000c4e00000|100%| E|CS|TAMS 0x00000000c4d00000| PB 0x00000000c4d00000| Complete 
|  44|0x00000000c4e00000, 0x00000000c4f00000, 0x00000000c4f00000|100%| E|  |TAMS 0x00000000c4e00000| PB 0x00000000c4e00000| Complete 
|  45|0x00000000c4f00000, 0x00000000c5000000, 0x00000000c5000000|100%| E|CS|TAMS 0x00000000c4f00000| PB 0x00000000c4f00000| Complete 
|  46|0x00000000c5000000, 0x00000000c5100000, 0x00000000c5100000|100%| E|CS|TAMS 0x00000000c5000000| PB 0x00000000c5000000| Complete 
|  47|0x00000000c5100000, 0x00000000c5200000, 0x00000000c5200000|100%| E|CS|TAMS 0x00000000c5100000| PB 0x00000000c5100000| Complete 
|  48|0x00000000c5200000, 0x00000000c5300000, 0x00000000c5300000|100%| E|CS|TAMS 0x00000000c5200000| PB 0x00000000c5200000| Complete 
|  49|0x00000000c5300000, 0x00000000c5400000, 0x00000000c5400000|100%| E|CS|TAMS 0x00000000c5300000| PB 0x00000000c5300000| Complete 
|  50|0x00000000c5400000, 0x00000000c5500000, 0x00000000c5500000|100%| E|CS|TAMS 0x00000000c5400000| PB 0x00000000c5400000| Complete 
|  51|0x00000000c5500000, 0x00000000c5600000, 0x00000000c5600000|100%| E|CS|TAMS 0x00000000c5500000| PB 0x00000000c5500000| Complete 
|  52|0x00000000c5600000, 0x00000000c5700000, 0x00000000c5700000|100%| E|CS|TAMS 0x00000000c5600000| PB 0x00000000c5600000| Complete 
|  61|0x00000000c5f00000, 0x00000000c6000000, 0x00000000c6000000|100%| E|CS|TAMS 0x00000000c5f00000| PB 0x00000000c5f00000| Complete 

Card table byte_map: [0x0000017b26240000,0x0000017b26430000] _byte_map_base: 0x0000017b25c2f000

Marking Bits: (CMBitMap*) 0x0000017b0ec3e360
 Bits: [0x0000017b26430000, 0x0000017b273a8000)

Polling page: 0x0000017b0cbb0000

Metaspace:

Usage:
  Non-class:     40.90 MB used.
      Class:      6.18 MB used.
       Both:     47.08 MB used.

Virtual space:
  Non-class space:       64.00 MB reserved,      41.25 MB ( 64%) committed,  1 nodes.
      Class space:        1.00 GB reserved,       6.44 MB ( <1%) committed,  1 nodes.
             Both:        1.06 GB reserved,      47.69 MB (  4%) committed. 

Chunk freelists:
   Non-Class:  6.80 MB
       Class:  9.52 MB
        Both:  16.31 MB

MaxMetaspaceSize: unlimited
CompressedClassSpaceSize: 1.00 GB
Initial GC threshold: 21.00 MB
Current GC threshold: 58.69 MB
CDS: on
 - commit_granule_bytes: 65536.
 - commit_granule_words: 8192.
 - virtual_space_node_default_size: 8388608.
 - enlarge_chunks_in_place: 1.
 - use_allocation_guard: 0.


Internal statistics:

num_allocs_failed_limit: 6.
num_arena_births: 750.
num_arena_deaths: 0.
num_vsnodes_births: 2.
num_vsnodes_deaths: 0.
num_space_committed: 763.
num_space_uncommitted: 0.
num_chunks_returned_to_freelist: 6.
num_chunks_taken_from_freelist: 2413.
num_chunk_merges: 6.
num_chunk_splits: 1750.
num_chunks_enlarged: 1355.
num_inconsistent_stats: 0.

CodeHeap 'non-profiled nmethods': size=120000Kb used=2273Kb max_used=2273Kb free=117726Kb
 bounds [0x0000017b1eb20000, 0x0000017b1ed90000, 0x0000017b26050000]
CodeHeap 'profiled nmethods': size=120000Kb used=8413Kb max_used=8571Kb free=111586Kb
 bounds [0x0000017b17050000, 0x0000017b178d0000, 0x0000017b1e580000]
CodeHeap 'non-nmethods': size=5760Kb used=1572Kb max_used=1585Kb free=4187Kb
 bounds [0x0000017b1e580000, 0x0000017b1e7f0000, 0x0000017b1eb20000]
 total_blobs=4859 nmethods=4232 adapters=532
 compilation: enabled
              stopped_count=0, restarted_count=0
 full_count=0

Compilation events (20 events):
Event: 32.043 Thread 0x0000017b2982aae0 nmethod 4600 0x0000017b1ed56590 code [0x0000017b1ed56740, 0x0000017b1ed56b30]
Event: 32.055 Thread 0x0000017b29839680 4601       3       java.lang.invoke.MethodHandleImpl::valueConversion (325 bytes)
Event: 32.057 Thread 0x0000017b29839680 nmethod 4601 0x0000017b17307910 code [0x0000017b17307c20, 0x0000017b173088f8]
Event: 32.060 Thread 0x0000017b29839680 4602       3       java.lang.invoke.LambdaFormEditor::filterArgumentForm (121 bytes)
Event: 32.061 Thread 0x0000017b29839680 nmethod 4602 0x0000017b17084490 code [0x0000017b170846a0, 0x0000017b17084aa0]
Event: 32.075 Thread 0x0000017b2982aae0 4603       4       jdk.internal.org.objectweb.asm.AnnotationWriter::putAnnotations (67 bytes)
Event: 32.077 Thread 0x0000017b2982aae0 nmethod 4603 0x0000017b1ed56c10 code [0x0000017b1ed56dc0, 0x0000017b1ed56f58]
Event: 32.077 Thread 0x0000017b2982aae0 4604       4       java.util.Arrays::copyOf (40 bytes)
Event: 32.083 Thread 0x0000017b29839680 4605       1       java.lang.invoke.MethodHandleImpl$IntrinsicMethodHandle::intrinsicName (5 bytes)
Event: 32.084 Thread 0x0000017b29839680 nmethod 4605 0x0000017b1ed57110 code [0x0000017b1ed572a0, 0x0000017b1ed57368]
Event: 32.087 Thread 0x0000017b2982aae0 nmethod 4604 0x0000017b1ed57410 code [0x0000017b1ed575c0, 0x0000017b1ed57a28]
Event: 32.147 Thread 0x0000017b2982aae0 4606       4       java.security.CodeSource::matchCerts (254 bytes)
Event: 32.150 Thread 0x0000017b2982aae0 nmethod 4606 0x0000017b1ed57c90 code [0x0000017b1ed57e20, 0x0000017b1ed57f70]
Event: 32.161 Thread 0x0000017b29839680 4607       3       org.jboss.logging.Logger::join (112 bytes)
Event: 32.163 Thread 0x0000017b29839680 nmethod 4607 0x0000017b170b9910 code [0x0000017b170b9c20, 0x0000017b170ba9d8]
Event: 32.194 Thread 0x0000017b2982aae0 4608       4       java.security.SecureClassLoader$CodeSourceKey::equals (60 bytes)
Event: 32.198 Thread 0x0000017b2982aae0 nmethod 4608 0x0000017b1ed58090 code [0x0000017b1ed58260, 0x0000017b1ed584a8]
Event: 32.218 Thread 0x0000017b2982aae0 4609       4       java.security.SecureClassLoader::defineClass (16 bytes)
Event: 32.317 Thread 0x0000017b29839680 4612       3       java.beans.Introspector::decapitalize (68 bytes)
Event: 32.320 Thread 0x0000017b29839680 nmethod 4612 0x0000017b175ed790 code [0x0000017b175edb20, 0x0000017b175ef0a8]

GC Heap History (18 events):
Event: 11.226 GC heap before
{Heap before GC invocations=0 (full 0):
 garbage-first heap   total 63488K, used 13312K [0x00000000c2200000, 0x0000000100000000)
  region size 1024K, 13 young (13312K), 0 survivors (0K)
 Metaspace       used 3299K, committed 3456K, reserved 1114112K
  class space    used 305K, committed 384K, reserved 1048576K
}
Event: 11.238 GC heap after
{Heap after GC invocations=1 (full 0):
 garbage-first heap   total 63488K, used 7008K [0x00000000c2200000, 0x0000000100000000)
  region size 1024K, 2 young (2048K), 2 survivors (2048K)
 Metaspace       used 3299K, committed 3456K, reserved 1114112K
  class space    used 305K, committed 384K, reserved 1048576K
}
Event: 12.514 GC heap before
{Heap before GC invocations=1 (full 0):
 garbage-first heap   total 63488K, used 18272K [0x00000000c2200000, 0x0000000100000000)
  region size 1024K, 13 young (13312K), 2 survivors (2048K)
 Metaspace       used 6861K, committed 7104K, reserved 1114112K
  class space    used 774K, committed 896K, reserved 1048576K
}
Event: 12.523 GC heap after
{Heap after GC invocations=2 (full 0):
 garbage-first heap   total 63488K, used 8168K [0x00000000c2200000, 0x0000000100000000)
  region size 1024K, 2 young (2048K), 2 survivors (2048K)
 Metaspace       used 6861K, committed 7104K, reserved 1114112K
  class space    used 774K, committed 896K, reserved 1048576K
}
Event: 14.144 GC heap before
{Heap before GC invocations=2 (full 0):
 garbage-first heap   total 63488K, used 30696K [0x00000000c2200000, 0x0000000100000000)
  region size 1024K, 25 young (25600K), 2 survivors (2048K)
 Metaspace       used 13305K, committed 13632K, reserved 1114112K
  class space    used 1552K, committed 1728K, reserved 1048576K
}
Event: 14.154 GC heap after
{Heap after GC invocations=3 (full 0):
 garbage-first heap   total 63488K, used 10125K [0x00000000c2200000, 0x0000000100000000)
  region size 1024K, 3 young (3072K), 3 survivors (3072K)
 Metaspace       used 13305K, committed 13632K, reserved 1114112K
  class space    used 1552K, committed 1728K, reserved 1048576K
}
Event: 16.978 GC heap before
{Heap before GC invocations=3 (full 0):
 garbage-first heap   total 63488K, used 43917K [0x00000000c2200000, 0x0000000100000000)
  region size 1024K, 36 young (36864K), 3 survivors (3072K)
 Metaspace       used 19236K, committed 19520K, reserved 1114112K
  class space    used 2289K, committed 2432K, reserved 1048576K
}
Event: 16.993 GC heap after
{Heap after GC invocations=4 (full 0):
 garbage-first heap   total 63488K, used 13312K [0x00000000c2200000, 0x0000000100000000)
  region size 1024K, 5 young (5120K), 5 survivors (5120K)
 Metaspace       used 19236K, committed 19520K, reserved 1114112K
  class space    used 2289K, committed 2432K, reserved 1048576K
}
Event: 18.494 GC heap before
{Heap before GC invocations=4 (full 0):
 garbage-first heap   total 63488K, used 27648K [0x00000000c2200000, 0x0000000100000000)
  region size 1024K, 20 young (20480K), 5 survivors (5120K)
 Metaspace       used 21207K, committed 21504K, reserved 1114112K
  class space    used 2533K, committed 2688K, reserved 1048576K
}
Event: 18.514 GC heap after
{Heap after GC invocations=5 (full 0):
 garbage-first heap   total 63488K, used 14397K [0x00000000c2200000, 0x0000000100000000)
  region size 1024K, 2 young (2048K), 2 survivors (2048K)
 Metaspace       used 21207K, committed 21504K, reserved 1114112K
  class space    used 2533K, committed 2688K, reserved 1048576K
}
Event: 21.875 GC heap before
{Heap before GC invocations=6 (full 0):
 garbage-first heap   total 55296K, used 45117K [0x00000000c2200000, 0x0000000100000000)
  region size 1024K, 32 young (32768K), 2 survivors (2048K)
 Metaspace       used 26883K, committed 27328K, reserved 1114112K
  class space    used 3388K, committed 3584K, reserved 1048576K
}
Event: 21.892 GC heap after
{Heap after GC invocations=7 (full 0):
 garbage-first heap   total 55296K, used 17390K [0x00000000c2200000, 0x0000000100000000)
  region size 1024K, 4 young (4096K), 4 survivors (4096K)
 Metaspace       used 26883K, committed 27328K, reserved 1114112K
  class space    used 3388K, committed 3584K, reserved 1048576K
}
Event: 24.445 GC heap before
{Heap before GC invocations=7 (full 0):
 garbage-first heap   total 55296K, used 44014K [0x00000000c2200000, 0x0000000100000000)
  region size 1024K, 30 young (30720K), 4 survivors (4096K)
 Metaspace       used 32988K, committed 33536K, reserved 1114112K
  class space    used 4166K, committed 4416K, reserved 1048576K
}
Event: 24.459 GC heap after
{Heap after GC invocations=8 (full 0):
 garbage-first heap   total 55296K, used 19013K [0x00000000c2200000, 0x0000000100000000)
  region size 1024K, 2 young (2048K), 2 survivors (2048K)
 Metaspace       used 32988K, committed 33536K, reserved 1114112K
  class space    used 4166K, committed 4416K, reserved 1048576K
}
Event: 25.427 GC heap before
{Heap before GC invocations=8 (full 0):
 garbage-first heap   total 55296K, used 27205K [0x00000000c2200000, 0x0000000100000000)
  region size 1024K, 11 young (11264K), 2 survivors (2048K)
 Metaspace       used 35463K, committed 35968K, reserved 1114112K
  class space    used 4600K, committed 4864K, reserved 1048576K
}
Event: 25.432 GC heap after
{Heap after GC invocations=9 (full 0):
 garbage-first heap   total 55296K, used 19340K [0x00000000c2200000, 0x0000000100000000)
  region size 1024K, 3 young (3072K), 3 survivors (3072K)
 Metaspace       used 35463K, committed 35968K, reserved 1114112K
  class space    used 4600K, committed 4864K, reserved 1048576K
}
Event: 30.277 GC heap before
{Heap before GC invocations=10 (full 0):
 garbage-first heap   total 55296K, used 44940K [0x00000000c2200000, 0x0000000100000000)
  region size 1024K, 29 young (29696K), 3 survivors (3072K)
 Metaspace       used 43321K, committed 43904K, reserved 1114112K
  class space    used 5580K, committed 5824K, reserved 1048576K
}
Event: 30.286 GC heap after
{Heap after GC invocations=11 (full 0):
 garbage-first heap   total 55296K, used 21451K [0x00000000c2200000, 0x0000000100000000)
  region size 1024K, 3 young (3072K), 3 survivors (3072K)
 Metaspace       used 43321K, committed 43904K, reserved 1114112K
  class space    used 5580K, committed 5824K, reserved 1048576K
}

Dll operation events (14 events):
Event: 0.324 Loaded shared library C:\Users\Никита\.jdks\openjdk-21.0.1\bin\java.dll
Event: 0.469 Loaded shared library C:\Users\Никита\.jdks\openjdk-21.0.1\bin\jsvml.dll
Event: 0.775 Loaded shared library C:\Users\Никита\.jdks\openjdk-21.0.1\bin\zip.dll
Event: 0.794 Loaded shared library C:\Users\Никита\.jdks\openjdk-21.0.1\bin\instrument.dll
Event: 0.819 Loaded shared library C:\Users\Никита\.jdks\openjdk-21.0.1\bin\net.dll
Event: 0.824 Loaded shared library C:\Users\Никита\.jdks\openjdk-21.0.1\bin\nio.dll
Event: 1.013 Loaded shared library C:\Users\Никита\.jdks\openjdk-21.0.1\bin\zip.dll
Event: 1.868 Loaded shared library C:\Users\Никита\.jdks\openjdk-21.0.1\bin\jimage.dll
Event: 10.516 Loaded shared library C:\Program Files\JetBrains\IntelliJ IDEA Community Edition 2023.2.5\bin\breakgen64.dll
Event: 10.559 Loaded shared library C:\Users\Никита\.jdks\openjdk-21.0.1\bin\extnet.dll
Event: 15.188 Loaded shared library C:\Users\Никита\.jdks\openjdk-21.0.1\bin\sunmscapi.dll
Event: 22.374 Loaded shared library C:\Users\Никита\.jdks\openjdk-21.0.1\bin\management.dll
Event: 22.385 Loaded shared library C:\Users\Никита\.jdks\openjdk-21.0.1\bin\management_ext.dll
Event: 24.801 Loaded shared library C:\Users\Никита\.jdks\openjdk-21.0.1\bin\verify.dll

Deoptimization events (20 events):
Event: 29.930 Thread 0x0000017b0ec05aa0 Uncommon trap: trap_request=0xffffffde fr.pc=0x0000017b1eb9be54 relative=0x00000000000003f4
Event: 29.930 Thread 0x0000017b0ec05aa0 Uncommon trap: reason=class_check action=maybe_recompile pc=0x0000017b1eb9be54 method=sun.security.provider.DigestBase.engineDigest([BII)I @ 97 c2
Event: 29.930 Thread 0x0000017b0ec05aa0 DEOPT PACKING pc=0x0000017b1eb9be54 sp=0x0000002cf6bfdc50
Event: 29.930 Thread 0x0000017b0ec05aa0 DEOPT UNPACKING pc=0x0000017b1e5d469c sp=0x0000002cf6bfdc00 mode 2
Event: 29.934 Thread 0x0000017b0ec05aa0 Uncommon trap: trap_request=0xffffffde fr.pc=0x0000017b1eb9be54 relative=0x00000000000003f4
Event: 29.934 Thread 0x0000017b0ec05aa0 Uncommon trap: reason=class_check action=maybe_recompile pc=0x0000017b1eb9be54 method=sun.security.provider.DigestBase.engineDigest([BII)I @ 97 c2
Event: 29.934 Thread 0x0000017b0ec05aa0 DEOPT PACKING pc=0x0000017b1eb9be54 sp=0x0000002cf6bfdc50
Event: 29.934 Thread 0x0000017b0ec05aa0 DEOPT UNPACKING pc=0x0000017b1e5d469c sp=0x0000002cf6bfdc00 mode 2
Event: 29.935 Thread 0x0000017b0ec05aa0 Uncommon trap: trap_request=0xffffffde fr.pc=0x0000017b1eb9be54 relative=0x00000000000003f4
Event: 29.935 Thread 0x0000017b0ec05aa0 Uncommon trap: reason=class_check action=maybe_recompile pc=0x0000017b1eb9be54 method=sun.security.provider.DigestBase.engineDigest([BII)I @ 97 c2
Event: 29.935 Thread 0x0000017b0ec05aa0 DEOPT PACKING pc=0x0000017b1eb9be54 sp=0x0000002cf6bfdc50
Event: 29.935 Thread 0x0000017b0ec05aa0 DEOPT UNPACKING pc=0x0000017b1e5d469c sp=0x0000002cf6bfdc00 mode 2
Event: 30.311 Thread 0x0000017b0ec05aa0 Uncommon trap: trap_request=0xffffffcc fr.pc=0x0000017b1ed3c3fc relative=0x00000000000002bc
Event: 30.312 Thread 0x0000017b0ec05aa0 Uncommon trap: reason=intrinsic_or_type_checked_inlining action=make_not_entrant pc=0x0000017b1ed3c3fc method=java.util.Arrays.copyOf([Ljava/lang/Object;ILjava/lang/Class;)[Ljava/lang/Object; @ 35 c2
Event: 30.312 Thread 0x0000017b0ec05aa0 DEOPT PACKING pc=0x0000017b1ed3c3fc sp=0x0000002cf6bfde90
Event: 30.312 Thread 0x0000017b0ec05aa0 DEOPT UNPACKING pc=0x0000017b1e5d469c sp=0x0000002cf6bfde20 mode 2
Event: 30.611 Thread 0x0000017b0ec05aa0 Uncommon trap: trap_request=0xffffff45 fr.pc=0x0000017b1ebf9180 relative=0x0000000000000060
Event: 30.611 Thread 0x0000017b0ec05aa0 Uncommon trap: reason=unstable_if action=reinterpret pc=0x0000017b1ebf9180 method=java.lang.StringConcatHelper.stringOf(Ljava/lang/Object;)Ljava/lang/String; @ 1 c2
Event: 30.611 Thread 0x0000017b0ec05aa0 DEOPT PACKING pc=0x0000017b1ebf9180 sp=0x0000002cf6bfdf00
Event: 30.611 Thread 0x0000017b0ec05aa0 DEOPT UNPACKING pc=0x0000017b1e5d469c sp=0x0000002cf6bfde90 mode 2

Classes loaded (20 events):
Event: 30.104 Loading class java/io/StringWriter
Event: 30.105 Loading class java/io/StringWriter done
Event: 30.241 Loading class javax/naming/RefAddr
Event: 30.242 Loading class javax/naming/RefAddr done
Event: 30.242 Loading class javax/naming/StringRefAddr
Event: 30.243 Loading class javax/naming/StringRefAddr done
Event: 30.400 Loading class java/util/concurrent/CompletionStage
Event: 30.402 Loading class java/util/concurrent/CompletionStage done
Event: 30.406 Loading class java/util/concurrent/CompletableFuture
Event: 30.408 Loading class java/util/concurrent/CompletableFuture done
Event: 30.409 Loading class java/util/concurrent/CompletableFuture$AltResult
Event: 30.409 Loading class java/util/concurrent/CompletableFuture$AltResult done
Event: 30.410 Loading class java/util/concurrent/CompletableFuture$Completion
Event: 30.410 Loading class java/util/concurrent/CompletableFuture$AsynchronousCompletionTask
Event: 30.411 Loading class java/util/concurrent/CompletableFuture$AsynchronousCompletionTask done
Event: 30.411 Loading class java/util/concurrent/CompletableFuture$Completion done
Event: 30.649 Loading class java/util/concurrent/CancellationException
Event: 30.650 Loading class java/util/concurrent/CancellationException done
Event: 32.035 Loading class java/security/CodeSigner
Event: 32.037 Loading class java/security/CodeSigner done

Classes unloaded (0 events):
No events

Classes redefined (0 events):
No events

Internal exceptions (20 events):
Event: 21.773 Thread 0x0000017b0ec05aa0 Exception <a 'java/lang/NoSuchMethodError'{0x00000000c39cadb8}: 'java.lang.Object java.lang.invoke.DirectMethodHandle$Holder.invokeStaticInit(java.lang.Object, int, int, int, int)'> (0x00000000c39cadb8) 
thrown [s\open\src\hotspot\share\interpreter\linkResolver.cpp, line 773]
Event: 21.843 Thread 0x0000017b0ec05aa0 Exception <a 'java/lang/NoSuchMethodError'{0x00000000c38b9030}: 'java.lang.Object java.lang.invoke.DirectMethodHandle$Holder.invokeStaticInit(java.lang.Object, java.lang.Object, int, int, int, int)'> (0x00000000c38b9030) 
thrown [s\open\src\hotspot\share\interpreter\linkResolver.cpp, line 773]
Event: 22.048 Thread 0x0000017b0ec05aa0 Exception <a 'java/lang/NoSuchMethodError'{0x00000000c5572b98}: 'int java.lang.invoke.DirectMethodHandle$Holder.invokeVirtual(java.lang.Object, java.lang.Object, java.lang.Object, java.lang.Object)'> (0x00000000c5572b98) 
thrown [s\open\src\hotspot\share\interpreter\linkResolver.cpp, line 773]
Event: 22.050 Thread 0x0000017b0ec05aa0 Exception <a 'java/lang/NoSuchMethodError'{0x00000000c5576600}: 'int java.lang.invoke.DelegatingMethodHandle$Holder.reinvoke_L(java.lang.Object, java.lang.Object, java.lang.Object, java.lang.Object)'> (0x00000000c5576600) 
thrown [s\open\src\hotspot\share\interpreter\linkResolver.cpp, line 773]
Event: 22.468 Thread 0x0000017b0ec05aa0 Exception <a 'java/io/FileNotFoundException'{0x00000000c5131880}> (0x00000000c5131880) 
thrown [s\open\src\hotspot\share\prims\jni.cpp, line 520]
Event: 22.620 Thread 0x0000017b0ec05aa0 Exception <a 'java/lang/NoSuchMethodError'{0x00000000c50ed148}: 'int java.lang.invoke.DirectMethodHandle$Holder.invokeInterface(java.lang.Object, java.lang.Object, java.lang.Object, java.lang.Object)'> (0x00000000c50ed148) 
thrown [s\open\src\hotspot\share\interpreter\linkResolver.cpp, line 773]
Event: 22.987 Thread 0x0000017b0ec05aa0 Exception <a 'java/lang/NoSuchMethodError'{0x00000000c4d1c318}: 'long java.lang.invoke.DirectMethodHandle$Holder.invokeVirtual(java.lang.Object, java.lang.Object)'> (0x00000000c4d1c318) 
thrown [s\open\src\hotspot\share\interpreter\linkResolver.cpp, line 773]
Event: 23.310 Thread 0x0000017b0ec05aa0 Exception <a 'java/lang/NoSuchMethodError'{0x00000000c49a9010}: 'java.lang.Object java.lang.invoke.DirectMethodHandle$Holder.newInvokeSpecial(java.lang.Object, java.lang.Object, java.lang.Object, java.lang.Object, java.lang.Object, java.lang.Object, java.lang.Object, java.lang.Object, java.lang.Object, java.lang.Object, java.lang.Object)'> (0x00000000c49a9010) 
thrown [s\open\src\hotspot\share\interpreter\linkResolver.cpp, line 773]
Event: 23.603 Thread 0x0000017b0ec05aa0 Exception <a 'java/lang/NoSuchMethodError'{0x00000000c46e5bb8}: 'void java.lang.invoke.DelegatingMethodHandle$Holder.reinvoke_L(java.lang.Object, java.lang.Object, java.lang.Object, java.lang.Object, int, java.lang.Object, java.lang.Object, java.lang.Object)'> (0x00000000c46e5bb8) 
thrown [s\open\src\hotspot\share\interpreter\linkResolver.cpp, line 773]
Event: 25.627 Thread 0x0000017b0ec05aa0 Exception <a 'java/lang/NoSuchMethodError'{0x00000000c5682608}: 'int java.lang.invoke.DirectMethodHandle$Holder.invokeStatic(java.lang.Object)'> (0x00000000c5682608) 
thrown [s\open\src\hotspot\share\interpreter\linkResolver.cpp, line 773]
Event: 25.733 Thread 0x0000017b0ec05aa0 Exception <a 'java/lang/NoSuchMethodError'{0x00000000c55403c0}: method resolution failed> (0x00000000c55403c0) 
thrown [s\open\src\hotspot\share\prims\methodHandles.cpp, line 1144]
Event: 25.775 Thread 0x0000017b0ec05aa0 Exception <a 'java/lang/NoSuchMethodError'{0x00000000c5589a90}: 'int java.lang.invoke.DirectMethodHandle$Holder.invokeStaticInit(java.lang.Object, java.lang.Object, java.lang.Object, java.lang.Object)'> (0x00000000c5589a90) 
thrown [s\open\src\hotspot\share\interpreter\linkResolver.cpp, line 773]
Event: 26.599 Thread 0x0000017b0ec05aa0 Exception <a 'sun/nio/fs/WindowsException'{0x00000000c537c088}> (0x00000000c537c088) 
thrown [s\open\src\hotspot\share\prims\jni.cpp, line 520]
Event: 28.087 Thread 0x0000017b0ec05aa0 Exception <a 'java/lang/NoSuchMethodError'{0x00000000c497c7c8}: 'java.lang.Object java.lang.invoke.DirectMethodHandle$Holder.invokeStaticInit(java.lang.Object, java.lang.Object, java.lang.Object, java.lang.Object)'> (0x00000000c497c7c8) 
thrown [s\open\src\hotspot\share\interpreter\linkResolver.cpp, line 773]
Event: 28.121 Thread 0x0000017b0ec05aa0 Exception <a 'java/lang/NoSuchMethodError'{0x00000000c4803c38}: 'int java.lang.invoke.Invokers$Holder.invokeExact_MT(java.lang.Object, java.lang.Object)'> (0x00000000c4803c38) 
thrown [s\open\src\hotspot\share\interpreter\linkResolver.cpp, line 773]
Event: 28.990 Thread 0x0000017b784885a0 Implicit null exception at 0x0000017b1eb6c1c4 to 0x0000017b1eb6cc74
Event: 28.991 Thread 0x0000017b784885a0 Implicit null exception at 0x0000017b1eb8f162 to 0x0000017b1eb8f418
Event: 30.724 Thread 0x0000017b0ec05aa0 Exception <a 'java/lang/IncompatibleClassChangeError'{0x00000000c54766a8}: Found class java.lang.Object, but interface was expected> (0x00000000c54766a8) 
thrown [s\open\src\hotspot\share\interpreter\linkResolver.cpp, line 840]
Event: 30.861 Thread 0x0000017b0ec05aa0 Exception <a 'java/lang/NoSuchMethodError'{0x00000000c5334818}: 'java.lang.Object java.lang.invoke.DirectMethodHandle$Holder.invokeStatic(java.lang.Object, java.lang.Object, int, java.lang.Object)'> (0x00000000c5334818) 
thrown [s\open\src\hotspot\share\interpreter\linkResolver.cpp, line 773]
Event: 30.862 Thread 0x0000017b0ec05aa0 Exception <a 'java/lang/NoSuchMethodError'{0x00000000c5338010}: 'java.lang.Object java.lang.invoke.DirectMethodHandle$Holder.invokeStaticInit(java.lang.Object, java.lang.Object, int, java.lang.Object)'> (0x00000000c5338010) 
thrown [s\open\src\hotspot\share\interpreter\linkResolver.cpp, line 773]

ZGC Phase Switch (0 events):
No events

VM Operations (20 events):
Event: 26.523 Executing VM operation: Cleanup
Event: 26.524 Executing VM operation: Cleanup done
Event: 26.588 Executing VM operation: HandshakeAllThreads (Deoptimize)
Event: 26.588 Executing VM operation: HandshakeAllThreads (Deoptimize) done
Event: 26.611 Executing VM operation: HandshakeAllThreads (Deoptimize)
Event: 26.611 Executing VM operation: HandshakeAllThreads (Deoptimize) done
Event: 26.681 Executing VM operation: HandshakeAllThreads (Deoptimize)
Event: 26.681 Executing VM operation: HandshakeAllThreads (Deoptimize) done
Event: 27.682 Executing VM operation: Cleanup
Event: 27.701 Executing VM operation: Cleanup done
Event: 28.703 Executing VM operation: Cleanup
Event: 28.704 Executing VM operation: Cleanup done
Event: 29.711 Executing VM operation: Cleanup
Event: 29.711 Executing VM operation: Cleanup done
Event: 30.277 Executing VM operation: G1CollectForAllocation (G1 Evacuation Pause)
Event: 30.286 Executing VM operation: G1CollectForAllocation (G1 Evacuation Pause) done
Event: 31.287 Executing VM operation: Cleanup
Event: 31.288 Executing VM operation: Cleanup done
Event: 32.293 Executing VM operation: Cleanup
Event: 32.308 Executing VM operation: Cleanup done

Events (20 events):
Event: 25.493 Thread 0x0000017b0ecc5340 flushing nmethod 0x0000017b1eb76010
Event: 25.493 Thread 0x0000017b0ecc5340 flushing nmethod 0x0000017b1eb66f10
Event: 25.493 Thread 0x0000017b0ecc5340 flushing nmethod 0x0000017b1eb66b90
Event: 25.493 Thread 0x0000017b0ecc5340 flushing nmethod 0x0000017b1eb66690
Event: 25.493 Thread 0x0000017b0ecc5340 flushing nmethod 0x0000017b1eb6be90
Event: 25.493 Thread 0x0000017b0ecc5340 flushing nmethod 0x0000017b1eb6a290
Event: 25.493 Thread 0x0000017b0ecc5340 flushing nmethod 0x0000017b1eb34190
Event: 25.493 Thread 0x0000017b0ecc5340 flushing nmethod 0x0000017b1eb60e90
Event: 25.493 Thread 0x0000017b0ecc5340 flushing nmethod 0x0000017b1eb51190
Event: 25.493 Thread 0x0000017b0ecc5340 flushing nmethod 0x0000017b1eb4f390
Event: 25.493 Thread 0x0000017b0ecc5340 flushing nmethod 0x0000017b1eb4b610
Event: 25.493 Thread 0x0000017b0ecc5340 flushing nmethod 0x0000017b1eb43e10
Event: 25.493 Thread 0x0000017b0ecc5340 flushing nmethod 0x0000017b1eb30190
Event: 25.493 Thread 0x0000017b0ecc5340 flushing nmethod 0x0000017b1eb38610
Event: 25.493 Thread 0x0000017b0ecc5340 flushing nmethod 0x0000017b1eb32710
Event: 25.493 Thread 0x0000017b0ecc5340 flushing nmethod 0x0000017b1eb2dc90
Event: 25.493 Thread 0x0000017b0ecc5340 flushing nmethod 0x0000017b1eb2b390
Event: 27.073 Thread 0x0000017b78489950 Thread added: 0x0000017b78489950
Event: 27.132 Thread 0x0000017b7848ad00 Thread added: 0x0000017b7848ad00
Event: 27.310 Thread 0x0000017b784885a0 Thread added: 0x0000017b784885a0


Dynamic libraries:
0x00007ff6187e0000 - 0x00007ff6187ee000 	C:\Users\Никита\.jdks\openjdk-21.0.1\bin\java.exe
0x00007fffd1db0000 - 0x00007fffd1fa8000 	C:\Windows\SYSTEM32\ntdll.dll
0x00007fffd19d0000 - 0x00007fffd1a8d000 	C:\Windows\System32\KERNEL32.DLL
0x00007fffcfa40000 - 0x00007fffcfd36000 	C:\Windows\System32\KERNELBASE.dll
0x00007fffcf610000 - 0x00007fffcf710000 	C:\Windows\System32\ucrtbase.dll
0x00007fffc8d80000 - 0x00007fffc8d98000 	C:\Users\Никита\.jdks\openjdk-21.0.1\bin\jli.dll
0x00007fffc8d60000 - 0x00007fffc8d7b000 	C:\Users\Никита\.jdks\openjdk-21.0.1\bin\VCRUNTIME140.dll
0x00007fffd0860000 - 0x00007fffd09fe000 	C:\Windows\System32\USER32.dll
0x00007fffcf480000 - 0x00007fffcf4a2000 	C:\Windows\System32\win32u.dll
0x00007fffb5540000 - 0x00007fffb57da000 	C:\Windows\WinSxS\amd64_microsoft.windows.common-controls_6595b64144ccf1df_6.0.19041.3636_none_60b6a03d71f818d5\COMCTL32.dll
0x00007fffd0b80000 - 0x00007fffd0bac000 	C:\Windows\System32\GDI32.dll
0x00007fffd1560000 - 0x00007fffd15fe000 	C:\Windows\System32\msvcrt.dll
0x00007fffcf870000 - 0x00007fffcf98a000 	C:\Windows\System32\gdi32full.dll
0x00007fffcf4e0000 - 0x00007fffcf57d000 	C:\Windows\System32\msvcp_win.dll
0x00007fffd1530000 - 0x00007fffd1560000 	C:\Windows\System32\IMM32.DLL
0x00007fffcb600000 - 0x00007fffcb60c000 	C:\Users\Никита\.jdks\openjdk-21.0.1\bin\vcruntime140_1.dll
0x00007fffc8750000 - 0x00007fffc87de000 	C:\Users\Никита\.jdks\openjdk-21.0.1\bin\msvcp140.dll
0x00007fff9bd50000 - 0x00007fff9ca65000 	C:\Users\Никита\.jdks\openjdk-21.0.1\bin\server\jvm.dll
0x00007fffd1470000 - 0x00007fffd1523000 	C:\Windows\System32\ADVAPI32.dll
0x00007fffd07a0000 - 0x00007fffd083f000 	C:\Windows\System32\sechost.dll
0x00007fffd18a0000 - 0x00007fffd19c6000 	C:\Windows\System32\RPCRT4.dll
0x00007fffcf4b0000 - 0x00007fffcf4d7000 	C:\Windows\System32\bcrypt.dll
0x00007fffd0ab0000 - 0x00007fffd0b1b000 	C:\Windows\System32\WS2_32.dll
0x00007fffcf2e0000 - 0x00007fffcf32b000 	C:\Windows\SYSTEM32\POWRPROF.dll
0x00007fffc16a0000 - 0x00007fffc16c7000 	C:\Windows\SYSTEM32\WINMM.dll
0x00007fffc79d0000 - 0x00007fffc79da000 	C:\Windows\SYSTEM32\VERSION.dll
0x00007fffcf2c0000 - 0x00007fffcf2d2000 	C:\Windows\SYSTEM32\UMPDC.dll
0x00007fffcdcc0000 - 0x00007fffcdcd2000 	C:\Windows\SYSTEM32\kernel.appcore.dll
0x00007fffcb5c0000 - 0x00007fffcb5ca000 	C:\Users\Никита\.jdks\openjdk-21.0.1\bin\jimage.dll
0x00007fffcd9e0000 - 0x00007fffcdbc4000 	C:\Windows\SYSTEM32\DBGHELP.DLL
0x00007fffc7420000 - 0x00007fffc7454000 	C:\Windows\SYSTEM32\dbgcore.DLL
0x00007fffcf580000 - 0x00007fffcf602000 	C:\Windows\System32\bcryptPrimitives.dll
0x00007fffc9440000 - 0x00007fffc944f000 	C:\Users\Никита\.jdks\openjdk-21.0.1\bin\instrument.dll
0x00007fffc8d40000 - 0x00007fffc8d5f000 	C:\Users\Никита\.jdks\openjdk-21.0.1\bin\java.dll
0x00007fffd0bb0000 - 0x00007fffd12f5000 	C:\Windows\System32\SHELL32.dll
0x00007fffcd240000 - 0x00007fffcd9db000 	C:\Windows\SYSTEM32\windows.storage.dll
0x00007fffd02d0000 - 0x00007fffd0624000 	C:\Windows\System32\combase.dll
0x00007fffcede0000 - 0x00007fffcee0d000 	C:\Windows\SYSTEM32\Wldp.dll
0x00007fffd0a00000 - 0x00007fffd0aad000 	C:\Windows\System32\SHCORE.dll
0x00007fffd0b20000 - 0x00007fffd0b75000 	C:\Windows\System32\shlwapi.dll
0x00007fffcf3b0000 - 0x00007fffcf3d5000 	C:\Windows\SYSTEM32\profapi.dll
0x00007fffb4f30000 - 0x00007fffb5007000 	C:\Users\Никита\.jdks\openjdk-21.0.1\bin\jsvml.dll
0x00007fffc8b50000 - 0x00007fffc8b68000 	C:\Users\Никита\.jdks\openjdk-21.0.1\bin\zip.dll
0x00007fffc8d10000 - 0x00007fffc8d20000 	C:\Users\Никита\.jdks\openjdk-21.0.1\bin\net.dll
0x00007fffc6880000 - 0x00007fffc698a000 	C:\Windows\SYSTEM32\WINHTTP.dll
0x00007fffceb40000 - 0x00007fffcebaa000 	C:\Windows\system32\mswsock.dll
0x00007fffc8cb0000 - 0x00007fffc8cc6000 	C:\Users\Никита\.jdks\openjdk-21.0.1\bin\nio.dll
0x00007fffc6680000 - 0x00007fffc669a000 	C:\Program Files\JetBrains\IntelliJ IDEA Community Edition 2023.2.5\bin\breakgen64.dll
0x00007fffc8ca0000 - 0x00007fffc8ca7000 	C:\Users\Никита\.jdks\openjdk-21.0.1\bin\extnet.dll
0x00007fffc7550000 - 0x00007fffc755e000 	C:\Users\Никита\.jdks\openjdk-21.0.1\bin\sunmscapi.dll
0x00007fffcf710000 - 0x00007fffcf86d000 	C:\Windows\System32\CRYPT32.dll
0x00007fffcee50000 - 0x00007fffcee78000 	C:\Windows\SYSTEM32\ncrypt.dll
0x00007fffcee10000 - 0x00007fffcee4b000 	C:\Windows\SYSTEM32\NTASN1.dll
0x00007fffced30000 - 0x00007fffced48000 	C:\Windows\SYSTEM32\CRYPTSP.dll
0x00007fffce470000 - 0x00007fffce4a4000 	C:\Windows\system32\rsaenh.dll
0x00007fffcf330000 - 0x00007fffcf35e000 	C:\Windows\SYSTEM32\USERENV.dll
0x00007fffced50000 - 0x00007fffced5c000 	C:\Windows\SYSTEM32\CRYPTBASE.dll
0x00007fffce830000 - 0x00007fffce86b000 	C:\Windows\SYSTEM32\IPHLPAPI.DLL
0x00007fffd0630000 - 0x00007fffd0638000 	C:\Windows\System32\NSI.dll
0x00007fffc8c40000 - 0x00007fffc8c4a000 	C:\Users\Никита\.jdks\openjdk-21.0.1\bin\management.dll
0x00007fffc8880000 - 0x00007fffc888b000 	C:\Users\Никита\.jdks\openjdk-21.0.1\bin\management_ext.dll
0x00007fffd1300000 - 0x00007fffd1308000 	C:\Windows\System32\PSAPI.DLL
0x00007fffc8c70000 - 0x00007fffc8c80000 	C:\Users\Никита\.jdks\openjdk-21.0.1\bin\verify.dll
0x00007fffce870000 - 0x00007fffce93a000 	C:\Windows\SYSTEM32\DNSAPI.dll
0x00007fffc1710000 - 0x00007fffc171a000 	C:\Windows\System32\rasadhlp.dll
0x00007fffc42c0000 - 0x00007fffc4340000 	C:\Windows\System32\fwpuclnt.dll

dbghelp: loaded successfully - version: 4.0.5 - missing functions: none
symbol engine: initialized successfully - sym options: 0x614 - pdb path: .;C:\Users\Никита\.jdks\openjdk-21.0.1\bin;C:\Windows\SYSTEM32;C:\Windows\WinSxS\amd64_microsoft.windows.common-controls_6595b64144ccf1df_6.0.19041.3636_none_60b6a03d71f818d5;C:\Users\Никита\.jdks\openjdk-21.0.1\bin\server;C:\Program Files\JetBrains\IntelliJ IDEA Community Edition 2023.2.5\bin

VM Arguments:
jvm_args: -javaagent:C:\Program Files\JetBrains\IntelliJ IDEA Community Edition 2023.2.5\lib\idea_rt.jar=58105:C:\Program Files\JetBrains\IntelliJ IDEA Community Edition 2023.2.5\bin -Dfile.encoding=UTF-8 -Dsun.stdout.encoding=UTF-8 -Dsun.stderr.encoding=UTF-8 
java_command: com.example.demo.DemoApplication
java_class_path (initial): C:\Users\Никита\Desktop\demo\target\classes;C:\Users\Никита\.m2\repository\org\springframework\boot\spring-boot-starter-data-jpa\3.2.0\spring-boot-starter-data-jpa-3.2.0.jar;C:\Users\Никита\.m2\repository\org\springframework\boot\spring-boot-starter-aop\3.2.0\spring-boot-starter-aop-3.2.0.jar;C:\Users\Никита\.m2\repository\org\aspectj\aspectjweaver\1.9.20.1\aspectjweaver-1.9.20.1.jar;C:\Users\Никита\.m2\repository\org\springframework\boot\spring-boot-starter-jdbc\3.2.0\spring-boot-starter-jdbc-3.2.0.jar;C:\Users\Никита\.m2\repository\com\zaxxer\HikariCP\5.0.1\HikariCP-5.0.1.jar;C:\Users\Никита\.m2\repository\org\springframework\spring-jdbc\6.1.1\spring-jdbc-6.1.1.jar;C:\Users\Никита\.m2\repository\org\hibernate\orm\hibernate-core\6.3.1.Final\hibernate-core-6.3.1.Final.jar;C:\Users\Никита\.m2\repository\jakarta\persistence\jakarta.persistence-api\3.1.0\jakarta.persistence-api-3.1.0.jar;C:\Users\Никита\.m2\repository\jakarta\transaction\jakarta.transaction-api\2.0.1\jakarta.transaction-api-2.0.1.jar;C:\Users\Никита\.m2\repository\org\jboss\logging\jboss-logging\3.5.3.Final\jboss-logging-3.5.3.Final.jar;C:\Users\Никита\.m2\repository\org\hibernate\common\hibernate-commons-annotations\6.0.6.Final\hibernate-commons-annotations-6.0.6.Final.jar;C:\Users\Никита\.m2\repository\io\smallrye\jandex\3.1.2\jandex-3.1.2.jar;C:\Users\Никита\.m2\repository\com\fasterxml\classmate\1.6.0\classmate-1.6.0.jar;C:\Users\Никита\.m2\repository\net\bytebuddy\byte-buddy\1.14.10\byte-buddy-1.14.10.jar;C:\Users\Никита\.m2\repository\org\glassfish\jaxb\jaxb-runtime\4.0.4\jaxb-runtime-4.0.4.jar;C:\Users\Никита\.m2\repository\org\glassfish\jaxb\jaxb-core\4.0.4\jaxb-core-4.0.4.jar;C:\Users\Никита\.m2\repository\org\glassfish\jaxb\txw2\4.0.4\txw2-4.0.4.jar;C:\Users\Никита\.m2\repository\com\sun\istack\istack-commons-runtime\4.1.2\istack-commons-runtime-4.1.2.jar;C:\Users\Никита\.m2\repository\jakarta\inject\jakarta.inject-api\2.0.1\jakarta.inject-api-2.0.1.jar;C:\Users\Никита\.m2\repository\org\antlr\antlr4-runtime\4.10.1\antlr4-runtime-4.10.1.jar;C:\Users\Никита\.m2\repository\org\springframework\data\spring-data-jpa\3.2.0\spring-data-jpa-3.2.0.jar;C:\Users\Никита\.m2\repository\org\springframework\data\spring-data-commons\3.2.0\spring-data-commons-3.2.0.jar;C:\Users\Никита\.m2\repository\org\springframework\spring-orm\6.1.1\spring-orm-6.1.1.jar;C:\Users\Никита\.m2\repository\org\springframework\spring-context\6.1.1\spring-context-6.1.1.jar;C:\Users\Никита\.m2\repository\org\springframework\spring-tx\6.1.1\spring-tx-6.1.1.jar;C:\Users\Никита\.m2\repository\org\springframework\spring-beans\6.1.1\spring-beans-6.1.1.jar;C:\Users\Никита\.m2\repository\jakarta\annotation\jakarta.annotation-api\2.1.1\jakarta.annotation-api-2.1.1.jar;C:\Users\Никита\.m2\repository\org\slf4j\slf4j-api\2.0.9\slf4j-api-2.0.9.jar;C:\Users\Никита\.m2\repository\org\springframework\spring-aspects\6.1.1\spring-aspects-6.1.1.jar;C:\Users\Никита\.m2\repository\org\postgresql\postgresql\42.6.0\postgresql-42.6.0.jar;C:\Users\Никита\.m2\repository\org\checkerframework\checker-qual\3.31.0\checker-qual-3.31.0.jar;C:\Users\Никита\.m2\repository\org\springframework\boot\spring-boot-starter-freemarker\3.2.0\spring-boot-starter-freemarker-3.2.0.jar;C:\Users\Никита\.m2\repository\org\springframework\boot\spring-boot-starter\3.2.0\spring-boot-starter-3.2.0.jar;C:\Users\Никита\.m2\repository\org\springframework\boot\spring-boot\3.2.0\spring-boot-3.2.0.jar;C:\Users\Никита\.m2\repository\org\springframework\boot\spring-boot-autoconfigure\3.2.0\spring-boot-autoconfigure-3.2.0.jar;C:\Users\Никита\.m2\repository\org\springframework\boot\spring-boot-starter-logging\3.2.0\spring-boot-starter-logging-3.2.0.jar;C:\Users\Никита\.m2\repository\ch\qos\logback\logback-classic\1.4.11\logback-classic-1.4.11.jar;C:\Users\Никита\.m2\repository\ch\qos\logback\logback-core\1.4.11\logback-core-1.4.11.jar;C:\Users\Никита\.m2\repository\org\apache\logging\log4j\log4j-to-slf4j\2.21.1\log4j-to-slf4j-2.21.1.jar;C:\Users\Никита\.m2\repository\org\apache\logging\log4j\log4j-api\2.21.1\log4j-api-2.21.1.jar;C:\Users\Никита\.m2\repository\org\slf4j\jul-to-slf4j\2.0.9\jul-to-slf4j-2.0.9.jar;C:\Users\Никита\.m2\repository\org\yaml\snakeyaml\2.2\snakeyaml-2.2.jar;C:\Users\Никита\.m2\repository\org\freemarker\freemarker\2.3.32\freemarker-2.3.32.jar;C:\Users\Никита\.m2\repository\org\springframework\spring-context-support\6.1.1\spring-context-support-6.1.1.jar;C:\Users\Никита\.m2\repository\org\springframework\boot\spring-boot-starter-mail\3.2.0\spring-boot-starter-mail-3.2.0.jar;C:\Users\Никита\.m2\repository\org\eclipse\angus\jakarta.mail\2.0.2\jakarta.mail-2.0.2.jar;C:\Users\Никита\.m2\repository\jakarta\activation\jakarta.activation-api\2.1.2\jakarta.activation-api-2.1.2.jar;C:\Users\Никита\.m2\repository\org\eclipse\angus\angus-activation\2.0.1\angus-activation-2.0.1.jar;C:\Users\Никита\.m2\repository\org\springframework\boot\spring-boot-starter-security\3.0.4\spring-boot-starter-security-3.0.4.jar;C:\Users\Никита\.m2\repository\org\springframework\spring-aop\6.1.1\spring-aop-6.1.1.jar;C:\Users\Никита\.m2\repository\org\springframework\security\spring-security-config\6.2.0\spring-security-config-6.2.0.jar;C:\Users\Никита\.m2\repository\org\springframework\security\spring-security-web\6.2.0\spring-security-web-6.2.0.jar;C:\Users\Никита\.m2\repository\org\springframework\spring-expression\6.1.1\spring-expression-6.1.1.jar;C:\Users\Никита\.m2\repository\org\springframework\boot\spring-boot-starter-web\3.2.0\spring-boot-starter-web-3.2.0.jar;C:\Users\Никита\.m2\repository\org\springframework\boot\spring-boot-starter-json\3.2.0\spring-boot-starter-json-3.2.0.jar;C:\Users\Никита\.m2\repository\com\fasterxml\jackson\core\jackson-databind\2.15.3\jackson-databind-2.15.3.jar;C:\Users\Никита\.m2\repository\com\fasterxml\jackson\core\jackson-annotations\2.15.3\jackson-annotations-2.15.3.jar;C:\Users\Никита\.m2\repository\com\fasterxml\jackson\core\jackson-core\2.15.3\jackson-core-2.15.3.jar;C:\Users\Никита\.m2\repository\com\fasterxml\jackson\datatype\jackson-datatype-jdk8\2.15.3\jackson-datatype-jdk8-2.15.3.jar;C:\Users\Никита\.m2\repository\com\fasterxml\jackson\datatype\jackson-datatype-jsr310\2.15.3\jackson-datatype-jsr310-2.15.3.jar;C:\Users\Никита\.m2\repository\com\fasterxml\jackson\module\jackson-module-parameter-names\2.15.3\jackson-module-parameter-names-2.15.3.jar;C:\Users\Никита\.m2\repository\org\springframework\boot\spring-boot-starter-tomcat\3.2.0\spring-boot-starter-tomcat-3.2.0.jar;C:\Users\Никита\.m2\repository\org\apache\tomcat\embed\tomcat-embed-core\10.1.16\tomcat-embed-core-10.1.16.jar;C:\Users\Никита\.m2\repository\org\apache\tomcat\embed\tomcat-embed-el\10.1.16\tomcat-embed-el-10.1.16.jar;C:\Users\Никита\.m2\repository\org\apache\tomcat\embed\tomcat-embed-websocket\10.1.16\tomcat-embed-websocket-10.1.16.jar;C:\Users\Никита\.m2\repository\org\springframework\spring-web\6.1.1\spring-web-6.1.1.jar;C:\Users\Никита\.m2\repository\io\micrometer\micrometer-observation\1.12.0\micrometer-observation-1.12.0.jar;C:\Users\Никита\.m2\repository\io\micrometer\micrometer-commons\1.12.0\micrometer-commons-1.12.0.jar;C:\Users\Никита\.m2\repository\org\springframework\spring-webmvc\6.1.1\spring-webmvc-6.1.1.jar;C:\Users\Никита\.m2\repository\jakarta\xml\bind\jakarta.xml.bind-api\4.0.1\jakarta.xml.bind-api-4.0.1.jar;C:\Users\Никита\.m2\repository\org\springframework\spring-core\6.1.1\spring-core-6.1.1.jar;C:\Users\Никита\.m2\repository\org\springframework\spring-jcl\6.1.1\spring-jcl-6.1.1.jar;C:\Users\Никита\.m2\repository\org\springframework\security\spring-security-core\6.2.0\spring-security-core-6.2.0.jar;C:\Users\Никита\.m2\repository\org\springframework\security\spring-security-crypto\6.2.0\spring-security-crypto-6.2.0.jar;C:\Users\Никита\.m2\repository\org\springframework\boot\spring-boot-starter-thymeleaf\3.2.0\spring-boot-starter-thymeleaf-3.2.0.jar;C:\Users\Никита\.m2\repository\org\thymeleaf\thymeleaf-spring6\3.1.2.RELEASE\thymeleaf-spring6-3.1.2.RELEASE.jar;C:\Users\Никита\.m2\repository\org\thymeleaf\thymeleaf\3.1.2.RELEASE\thymeleaf-3.1.2.RELEASE.jar;C:\Users\Никита\.m2\repository\org\attoparser\attoparser\2.0.7.RELEASE\attoparser-2.0.7.RELEASE.jar;C:\Users\Никита\.m2\repository\org\unbescape\unbescape\1.1.6.RELEASE\unbescape-1.1.6.RELEASE.jar;C:\Users\Никита\.m2\repository\org\projectlombok\lombok\1.18.30\lombok-1.18.30.jar;C:\Users\Никита\.m2\repository\commons-io\commons-io\2.5\commons-io-2.5.jar
Launcher Type: SUN_STANDARD

[Global flags]
     intx CICompilerCount                          = 3                                         {product} {ergonomic}
     uint ConcGCThreads                            = 1                                         {product} {ergonomic}
     uint G1ConcRefinementThreads                  = 4                                         {product} {ergonomic}
   size_t G1HeapRegionSize                         = 1048576                                   {product} {ergonomic}
    uintx GCDrainStackTargetSize                   = 64                                        {product} {ergonomic}
   size_t InitialHeapSize                          = 65011712                                  {product} {ergonomic}
   size_t MarkStackSize                            = 4194304                                   {product} {ergonomic}
   size_t MaxHeapSize                              = 1038090240                                {product} {ergonomic}
   size_t MaxNewSize                               = 622854144                                 {product} {ergonomic}
   size_t MinHeapDeltaBytes                        = 1048576                                   {product} {ergonomic}
   size_t MinHeapSize                              = 8388608                                   {product} {ergonomic}
    uintx NonNMethodCodeHeapSize                   = 5832780                                {pd product} {ergonomic}
    uintx NonProfiledCodeHeapSize                  = 122912730                              {pd product} {ergonomic}
    uintx ProfiledCodeHeapSize                     = 122912730                              {pd product} {ergonomic}
    uintx ReservedCodeCacheSize                    = 251658240                              {pd product} {ergonomic}
     bool SegmentedCodeCache                       = true                                      {product} {ergonomic}
   size_t SoftMaxHeapSize                          = 1038090240                             {manageable} {ergonomic}
     bool UseCompressedOops                        = true                           {product lp64_product} {ergonomic}
     bool UseG1GC                                  = true                                      {product} {ergonomic}
     bool UseLargePagesIndividualAllocation        = false                                  {pd product} {ergonomic}

Logging:
Log output configuration:
 #0: stdout all=warning uptime,level,tags foldmultilines=false
 #1: stderr all=off uptime,level,tags foldmultilines=false

Environment Variables:
PATH=C:\Program Files\Common Files\Oracle\Java\javapath;C:\Windows\system32;C:\Windows;C:\Windows\System32\Wbem;C:\Windows\System32\WindowsPowerShell\v1.0\;C:\Windows\System32\OpenSSH\;C:\Program Files\Intel\WiFi\bin\;C:\Program Files\Common Files\Intel\WirelessCommon\;C:\Program Files\dotnet\;C:\Program Files (x86)\Windows Kits\10\Windows Performance Toolkit\;C:\Users\Никита\AppData\Local\Microsoft\WindowsApps;C:\Users\Никита\.dotnet\tools
USERNAME=Никита
OS=Windows_NT
PROCESSOR_IDENTIFIER=Intel64 Family 6 Model 92 Stepping 9, GenuineIntel
TMP=C:\Users\843E~1\AppData\Local\Temp
TEMP=C:\Users\843E~1\AppData\Local\Temp




Periodic native trim disabled

---------------  S Y S T E M  ---------------

OS:
 Windows 10 , 64 bit Build 19041 (10.0.19041.3636)
OS uptime: 5 days 0:31 hours

CPU: total 4 (initial active 4) (4 cores per cpu, 1 threads per core) family 6 model 92 stepping 9 microcode 0x32, cx8, cmov, fxsr, mmx, 3dnowpref, sse, sse2, sse3, ssse3, sse4.1, sse4.2, popcnt, tsc, tscinvbit, aes, erms, clmul, sha, clflush, clflushopt, rdtscp
Processor Information for all 4 processors :
  Max Mhz: 1101, Current Mhz: 1101, Mhz Limit: 1101

Memory: 4k page, system-wide physical 3959M (228M free)
TotalPageFile size 16247M (AvailPageFile size 1M)
current process WorkingSet (physical memory assigned to process): 192M, peak: 198M
current process commit charge ("private bytes"): 222M, peak: 228M

vm_info: OpenJDK 64-Bit Server VM (21.0.1+12-29) for windows-amd64 JRE (21.0.1+12-29), built on 2023-10-05T13:27:09Z by "mach5one" with MS VC++ 17.1 (VS2022)

END.
