#
# There is insufficient memory for the Java Runtime Environment to continue.
# Native memory allocation (malloc) failed to allocate 825136 bytes for Chunk::new
# Possible reasons:
#   The system is out of physical RAM or swap space
#   The process is running with CompressedOops enabled, and the Java Heap may be blocking the growth of the native heap
# Possible solutions:
#   Reduce memory load on the system
#   Increase physical memory or swap space
#   Check if swap backing store is full
#   Decrease Java heap size (-Xmx/-Xms)
#   Decrease number of Java threads
#   Decrease Java thread stack sizes (-Xss)
#   Set larger code cache with -XX:ReservedCodeCacheSize=
#   JVM is running with Unscaled Compressed Oops mode in which the Java heap is
#     placed in the first 4GB address space. The Java Heap base address is the
#     maximum limit for the native heap growth. Please use -XX:HeapBaseMinAddress
#     to set the Java Heap base and to place the Java Heap above 4GB virtual address.
# This output file may be truncated or incomplete.
#
#  Out of Memory Error (arena.cpp:168), pid=12332, tid=4552
#
# JRE version: OpenJDK Runtime Environment (21.0.1+12) (build 21.0.1+12-29)
# Java VM: OpenJDK 64-Bit Server VM (21.0.1+12-29, mixed mode, sharing, tiered, compressed oops, compressed class ptrs, g1 gc, windows-amd64)
# No core dump will be written. Minidumps are not enabled by default on client versions of Windows
#

---------------  S U M M A R Y ------------

Command Line: -javaagent:C:\Program Files\JetBrains\IntelliJ IDEA Community Edition 2023.2.5\lib\idea_rt.jar=59653:C:\Program Files\JetBrains\IntelliJ IDEA Community Edition 2023.2.5\bin -Dfile.encoding=UTF-8 -Dsun.stdout.encoding=UTF-8 -Dsun.stderr.encoding=UTF-8 com.example.demo.DemoApplication

Host: Intel(R) Pentium(R) CPU N4200 @ 1.10GHz, 4 cores, 3G,  Windows 10 , 64 bit Build 19041 (10.0.19041.3636)
Time: Tue Jan 16 00:39:29 2024 RTZ 2 (s 10 , 64 bit Build 19041 (10.0.19041.3636) elapsed time: 29.834486 seconds (0d 0h 0m 29s)

---------------  T H R E A D  ---------------

Current thread (0x000002ce5a1fea30):  JavaThread "C2 CompilerThread0" daemon [_thread_in_native, id=4552, stack(0x000000d8c6f00000,0x000000d8c7000000) (1024K)]


Current CompileTask:
C2:  29834 5040       4       org.springframework.core.annotation.TypeMappedAnnotations::get (52 bytes)

Stack: [0x000000d8c6f00000,0x000000d8c7000000]
Native frames: (J=compiled Java code, j=interpreted, Vv=VM code, C=native code)
V  [jvm.dll+0x6c9029]
V  [jvm.dll+0x854b81]
V  [jvm.dll+0x856e5e]
V  [jvm.dll+0x857543]
V  [jvm.dll+0x280c06]
V  [jvm.dll+0xc3ead]
V  [jvm.dll+0xc43c3]
V  [jvm.dll+0x2f3f3f]
V  [jvm.dll+0x5f40a6]
V  [jvm.dll+0x252bef]
V  [jvm.dll+0x252fbf]
V  [jvm.dll+0x24b734]
V  [jvm.dll+0x248fa3]
V  [jvm.dll+0x1c9ca1]
V  [jvm.dll+0x2586b9]
V  [jvm.dll+0x256c9a]
V  [jvm.dll+0x3ef1b6]
V  [jvm.dll+0x7fd728]
V  [jvm.dll+0x6c777d]
C  [ucrtbase.dll+0x21bb2]
C  [KERNEL32.DLL+0x17344]
C  [ntdll.dll+0x526b1]


---------------  P R O C E S S  ---------------

Threads class SMR info:
_java_thread_list=0x000002ceab62af90, length=17, elements={
0x000002ce3d547b70, 0x000002ce5a1ed2a0, 0x000002ce5a1ef970, 0x000002ce5a1f7090,
0x000002ce5a1f7af0, 0x000002ce5a1f8550, 0x000002ce5a1fdca0, 0x000002ce5a1fea30,
0x000002ce5a2034f0, 0x000002ce5a424200, 0x000002ce5a627290, 0x000002ce5a627900,
0x000002cea9374040, 0x000002cea9a47860, 0x000002cea99c0150, 0x000002cea887ff80,
0x000002cea887cb00
}

Java Threads: ( => current thread )
  0x000002ce3d547b70 JavaThread "main"                              [_thread_in_native, id=8244, stack(0x000000d8c6100000,0x000000d8c6200000) (1024K)]
  0x000002ce5a1ed2a0 JavaThread "Reference Handler"          daemon [_thread_blocked, id=13340, stack(0x000000d8c6900000,0x000000d8c6a00000) (1024K)]
  0x000002ce5a1ef970 JavaThread "Finalizer"                  daemon [_thread_blocked, id=8424, stack(0x000000d8c6a00000,0x000000d8c6b00000) (1024K)]
  0x000002ce5a1f7090 JavaThread "Signal Dispatcher"          daemon [_thread_blocked, id=1852, stack(0x000000d8c6b00000,0x000000d8c6c00000) (1024K)]
  0x000002ce5a1f7af0 JavaThread "Attach Listener"            daemon [_thread_blocked, id=13432, stack(0x000000d8c6c00000,0x000000d8c6d00000) (1024K)]
  0x000002ce5a1f8550 JavaThread "Service Thread"             daemon [_thread_blocked, id=6120, stack(0x000000d8c6d00000,0x000000d8c6e00000) (1024K)]
  0x000002ce5a1fdca0 JavaThread "Monitor Deflation Thread"   daemon [_thread_blocked, id=5980, stack(0x000000d8c6e00000,0x000000d8c6f00000) (1024K)]
=>0x000002ce5a1fea30 JavaThread "C2 CompilerThread0"         daemon [_thread_in_native, id=4552, stack(0x000000d8c6f00000,0x000000d8c7000000) (1024K)]
  0x000002ce5a2034f0 JavaThread "C1 CompilerThread0"         daemon [_thread_blocked, id=10916, stack(0x000000d8c7000000,0x000000d8c7100000) (1024K)]
  0x000002ce5a424200 JavaThread "Common-Cleaner"             daemon [_thread_blocked, id=12300, stack(0x000000d8c7100000,0x000000d8c7200000) (1024K)]
  0x000002ce5a627290 JavaThread "Monitor Ctrl-Break"         daemon [_thread_in_native, id=14900, stack(0x000000d8c7200000,0x000000d8c7300000) (1024K)]
  0x000002ce5a627900 JavaThread "Notification Thread"        daemon [_thread_blocked, id=14976, stack(0x000000d8c7300000,0x000000d8c7400000) (1024K)]
  0x000002cea9374040 JavaThread "Catalina-utility-1"                [_thread_blocked, id=14368, stack(0x000000d8c7700000,0x000000d8c7800000) (1024K)]
  0x000002cea9a47860 JavaThread "Catalina-utility-2"                [_thread_blocked, id=3568, stack(0x000000d8c7800000,0x000000d8c7900000) (1024K)]
  0x000002cea99c0150 JavaThread "container-0"                       [_thread_blocked, id=14788, stack(0x000000d8c7900000,0x000000d8c7a00000) (1024K)]
  0x000002cea887ff80 JavaThread "PostgreSQL-JDBC-Cleaner"    daemon [_thread_blocked, id=2752, stack(0x000000d8c7b00000,0x000000d8c7c00000) (1024K)]
  0x000002cea887cb00 JavaThread "HikariPool-1 housekeeper"   daemon [_thread_blocked, id=15068, stack(0x000000d8c7c00000,0x000000d8c7d00000) (1024K)]
Total: 17

Other Threads:
  0x000002ce3f6a2290 VMThread "VM Thread"                           [id=9056, stack(0x000000d8c6800000,0x000000d8c6900000) (1024K)]
  0x000002ce3f68a740 WatcherThread "VM Periodic Task Thread"        [id=8648, stack(0x000000d8c6700000,0x000000d8c6800000) (1024K)]
  0x000002ce3f61e400 WorkerThread "GC Thread#0"                     [id=10880, stack(0x000000d8c6200000,0x000000d8c6300000) (1024K)]
  0x000002ce5aadd940 WorkerThread "GC Thread#1"                     [id=15244, stack(0x000000d8c7400000,0x000000d8c7500000) (1024K)]
  0x000002ce5aad8550 WorkerThread "GC Thread#2"                     [id=15316, stack(0x000000d8c7500000,0x000000d8c7600000) (1024K)]
  0x000002ce5aa8aae0 WorkerThread "GC Thread#3"                     [id=14352, stack(0x000000d8c7600000,0x000000d8c7700000) (1024K)]
  0x000002ce3f626fa0 ConcurrentGCThread "G1 Main Marker"            [id=916, stack(0x000000d8c6300000,0x000000d8c6400000) (1024K)]
  0x000002ce3f627aa0 WorkerThread "G1 Conc#0"                       [id=2540, stack(0x000000d8c6400000,0x000000d8c6500000) (1024K)]
  0x000002ce3f679b10 ConcurrentGCThread "G1 Refine#0"               [id=9432, stack(0x000000d8c6500000,0x000000d8c6600000) (1024K)]
  0x000002ce3f67a680 ConcurrentGCThread "G1 Service"                [id=14164, stack(0x000000d8c6600000,0x000000d8c6700000) (1024K)]
Total: 10

Threads with active compile tasks:
C2 CompilerThread0    29912 5040       4       org.springframework.core.annotation.TypeMappedAnnotations::get (52 bytes)
Total: 1

VM state: not at safepoint (normal execution)

VM Mutex/Monitor currently owned by a thread: None

Heap address: 0x00000000c2200000, size: 990 MB, Compressed Oops mode: 32-bit

CDS archive(s) mapped at: [0x000002ce5b000000-0x000002ce5bc90000-0x000002ce5bc90000), size 13172736, SharedBaseAddress: 0x000002ce5b000000, ArchiveRelocationMode: 1.
Compressed class space mapped at: 0x000002ce5c000000-0x000002ce9c000000, reserved size: 1073741824
Narrow klass base: 0x000002ce5b000000, Narrow klass shift: 0, Narrow klass range: 0x100000000

GC Precious Log:
 CardTable entry size: 512
 Card Set container configuration: InlinePtr #cards 5 size 8 Array Of Cards #cards 12 size 40 Howl #buckets 4 coarsen threshold 1843 Howl Bitmap #cards 512 size 80 coarsen threshold 460 Card regions per heap region 1 cards per card region 2048
 CPUs: 4 total, 4 available
 Memory: 3959M
 Large Page Support: Disabled
 NUMA Support: Disabled
 Compressed Oops: Enabled (32-bit)
 Heap Region Size: 1M
 Heap Min Capacity: 8M
 Heap Initial Capacity: 62M
 Heap Max Capacity: 990M
 Pre-touch: Disabled
 Parallel Workers: 4
 Concurrent Workers: 1
 Concurrent Refinement Workers: 4
 Periodic GC: Disabled

Heap:
 garbage-first heap   total 55296K, used 34880K [0x00000000c2200000, 0x0000000100000000)
  region size 1024K, 18 young (18432K), 4 survivors (4096K)
 Metaspace       used 53722K, committed 54336K, reserved 1114112K
  class space    used 7217K, committed 7488K, reserved 1048576K

Heap Regions: E=young(eden), S=young(survivor), O=old, HS=humongous(starts), HC=humongous(continues), CS=collection set, F=free, TAMS=top-at-mark-start, PB=parsable bottom
|   0|0x00000000c2200000, 0x00000000c2300000, 0x00000000c2300000|100%|HS|  |TAMS 0x00000000c2200000| PB 0x00000000c2200000| Complete 
|   1|0x00000000c2300000, 0x00000000c2400000, 0x00000000c2400000|100%| O|  |TAMS 0x00000000c2300000| PB 0x00000000c2300000| Untracked 
|   2|0x00000000c2400000, 0x00000000c2400000, 0x00000000c2500000|  0%| F|  |TAMS 0x00000000c2400000| PB 0x00000000c2400000| Untracked 
|   3|0x00000000c2500000, 0x00000000c2600000, 0x00000000c2600000|100%| O|  |TAMS 0x00000000c2500000| PB 0x00000000c2500000| Untracked 
|   4|0x00000000c2600000, 0x00000000c2700000, 0x00000000c2700000|100%| O|  |TAMS 0x00000000c2600000| PB 0x00000000c2600000| Untracked 
|   5|0x00000000c2700000, 0x00000000c2800000, 0x00000000c2800000|100%| O|  |TAMS 0x00000000c2700000| PB 0x00000000c2700000| Untracked 
|   6|0x00000000c2800000, 0x00000000c2900000, 0x00000000c2900000|100%| O|  |TAMS 0x00000000c2800000| PB 0x00000000c2800000| Untracked 
|   7|0x00000000c2900000, 0x00000000c2a00000, 0x00000000c2a00000|100%| O|  |TAMS 0x00000000c2900000| PB 0x00000000c2900000| Untracked 
|   8|0x00000000c2a00000, 0x00000000c2b00000, 0x00000000c2b00000|100%| O|  |TAMS 0x00000000c2a00000| PB 0x00000000c2a00000| Untracked 
|   9|0x00000000c2b00000, 0x00000000c2c00000, 0x00000000c2c00000|100%| O|  |TAMS 0x00000000c2b00000| PB 0x00000000c2b00000| Untracked 
|  10|0x00000000c2c00000, 0x00000000c2d00000, 0x00000000c2d00000|100%| O|  |TAMS 0x00000000c2c00000| PB 0x00000000c2c00000| Untracked 
|  11|0x00000000c2d00000, 0x00000000c2e00000, 0x00000000c2e00000|100%| O|  |TAMS 0x00000000c2d00000| PB 0x00000000c2d00000| Untracked 
|  12|0x00000000c2e00000, 0x00000000c2f00000, 0x00000000c2f00000|100%| O|  |TAMS 0x00000000c2e00000| PB 0x00000000c2e00000| Untracked 
|  13|0x00000000c2f00000, 0x00000000c3000000, 0x00000000c3000000|100%| O|  |TAMS 0x00000000c2f00000| PB 0x00000000c2f00000| Untracked 
|  14|0x00000000c3000000, 0x00000000c3100000, 0x00000000c3100000|100%| O|  |TAMS 0x00000000c3000000| PB 0x00000000c3000000| Untracked 
|  15|0x00000000c3100000, 0x00000000c3200000, 0x00000000c3200000|100%| O|  |TAMS 0x00000000c3100000| PB 0x00000000c3100000| Untracked 
|  16|0x00000000c3200000, 0x00000000c3300000, 0x00000000c3300000|100%| O|  |TAMS 0x00000000c3200000| PB 0x00000000c3200000| Untracked 
|  17|0x00000000c3300000, 0x00000000c3400000, 0x00000000c3400000|100%| O|  |TAMS 0x00000000c3300000| PB 0x00000000c3300000| Untracked 
|  18|0x00000000c3400000, 0x00000000c3500000, 0x00000000c3500000|100%| O|  |TAMS 0x00000000c3400000| PB 0x00000000c3400000| Untracked 
|  19|0x00000000c3500000, 0x00000000c35b7f30, 0x00000000c3600000| 71%| O|  |TAMS 0x00000000c3500000| PB 0x00000000c3500000| Untracked 
|  20|0x00000000c3600000, 0x00000000c3600000, 0x00000000c3700000|  0%| F|  |TAMS 0x00000000c3600000| PB 0x00000000c3600000| Untracked 
|  21|0x00000000c3700000, 0x00000000c3700000, 0x00000000c3800000|  0%| F|  |TAMS 0x00000000c3700000| PB 0x00000000c3700000| Untracked 
|  22|0x00000000c3800000, 0x00000000c3800000, 0x00000000c3900000|  0%| F|  |TAMS 0x00000000c3800000| PB 0x00000000c3800000| Untracked 
|  23|0x00000000c3900000, 0x00000000c3900000, 0x00000000c3a00000|  0%| F|  |TAMS 0x00000000c3900000| PB 0x00000000c3900000| Untracked 
|  24|0x00000000c3a00000, 0x00000000c3a00000, 0x00000000c3b00000|  0%| F|  |TAMS 0x00000000c3a00000| PB 0x00000000c3a00000| Untracked 
|  25|0x00000000c3b00000, 0x00000000c3b58208, 0x00000000c3c00000| 34%| S|CS|TAMS 0x00000000c3b00000| PB 0x00000000c3b00000| Complete 
|  26|0x00000000c3c00000, 0x00000000c3d00000, 0x00000000c3d00000|100%| S|CS|TAMS 0x00000000c3c00000| PB 0x00000000c3c00000| Complete 
|  27|0x00000000c3d00000, 0x00000000c3e00000, 0x00000000c3e00000|100%| S|CS|TAMS 0x00000000c3d00000| PB 0x00000000c3d00000| Complete 
|  28|0x00000000c3e00000, 0x00000000c3f00000, 0x00000000c3f00000|100%| S|CS|TAMS 0x00000000c3e00000| PB 0x00000000c3e00000| Complete 
|  29|0x00000000c3f00000, 0x00000000c3f00000, 0x00000000c4000000|  0%| F|  |TAMS 0x00000000c3f00000| PB 0x00000000c3f00000| Untracked 
|  30|0x00000000c4000000, 0x00000000c4000000, 0x00000000c4100000|  0%| F|  |TAMS 0x00000000c4000000| PB 0x00000000c4000000| Untracked 
|  31|0x00000000c4100000, 0x00000000c4100000, 0x00000000c4200000|  0%| F|  |TAMS 0x00000000c4100000| PB 0x00000000c4100000| Untracked 
|  32|0x00000000c4200000, 0x00000000c4200000, 0x00000000c4300000|  0%| F|  |TAMS 0x00000000c4200000| PB 0x00000000c4200000| Untracked 
|  33|0x00000000c4300000, 0x00000000c4300000, 0x00000000c4400000|  0%| F|  |TAMS 0x00000000c4300000| PB 0x00000000c4300000| Untracked 
|  34|0x00000000c4400000, 0x00000000c4400000, 0x00000000c4500000|  0%| F|  |TAMS 0x00000000c4400000| PB 0x00000000c4400000| Untracked 
|  35|0x00000000c4500000, 0x00000000c4500000, 0x00000000c4600000|  0%| F|  |TAMS 0x00000000c4500000| PB 0x00000000c4500000| Untracked 
|  36|0x00000000c4600000, 0x00000000c4600000, 0x00000000c4700000|  0%| F|  |TAMS 0x00000000c4600000| PB 0x00000000c4600000| Untracked 
|  37|0x00000000c4700000, 0x00000000c4700000, 0x00000000c4800000|  0%| F|  |TAMS 0x00000000c4700000| PB 0x00000000c4700000| Untracked 
|  38|0x00000000c4800000, 0x00000000c4800000, 0x00000000c4900000|  0%| F|  |TAMS 0x00000000c4800000| PB 0x00000000c4800000| Untracked 
|  39|0x00000000c4900000, 0x00000000c4900000, 0x00000000c4a00000|  0%| F|  |TAMS 0x00000000c4900000| PB 0x00000000c4900000| Untracked 
|  40|0x00000000c4a00000, 0x00000000c4ae3650, 0x00000000c4b00000| 88%| E|  |TAMS 0x00000000c4a00000| PB 0x00000000c4a00000| Complete 
|  41|0x00000000c4b00000, 0x00000000c4c00000, 0x00000000c4c00000|100%| E|CS|TAMS 0x00000000c4b00000| PB 0x00000000c4b00000| Complete 
|  42|0x00000000c4c00000, 0x00000000c4d00000, 0x00000000c4d00000|100%| E|CS|TAMS 0x00000000c4c00000| PB 0x00000000c4c00000| Complete 
|  43|0x00000000c4d00000, 0x00000000c4e00000, 0x00000000c4e00000|100%| E|CS|TAMS 0x00000000c4d00000| PB 0x00000000c4d00000| Complete 
|  44|0x00000000c4e00000, 0x00000000c4f00000, 0x00000000c4f00000|100%| E|CS|TAMS 0x00000000c4e00000| PB 0x00000000c4e00000| Complete 
|  45|0x00000000c4f00000, 0x00000000c5000000, 0x00000000c5000000|100%| E|CS|TAMS 0x00000000c4f00000| PB 0x00000000c4f00000| Complete 
|  46|0x00000000c5000000, 0x00000000c5100000, 0x00000000c5100000|100%| E|CS|TAMS 0x00000000c5000000| PB 0x00000000c5000000| Complete 
|  47|0x00000000c5100000, 0x00000000c5200000, 0x00000000c5200000|100%| E|CS|TAMS 0x00000000c5100000| PB 0x00000000c5100000| Complete 
|  48|0x00000000c5200000, 0x00000000c5300000, 0x00000000c5300000|100%| E|CS|TAMS 0x00000000c5200000| PB 0x00000000c5200000| Complete 
|  49|0x00000000c5300000, 0x00000000c5400000, 0x00000000c5400000|100%| E|CS|TAMS 0x00000000c5300000| PB 0x00000000c5300000| Complete 
|  50|0x00000000c5400000, 0x00000000c5500000, 0x00000000c5500000|100%| E|CS|TAMS 0x00000000c5400000| PB 0x00000000c5400000| Complete 
|  51|0x00000000c5500000, 0x00000000c5600000, 0x00000000c5600000|100%| E|CS|TAMS 0x00000000c5500000| PB 0x00000000c5500000| Complete 
|  52|0x00000000c5600000, 0x00000000c5700000, 0x00000000c5700000|100%| E|CS|TAMS 0x00000000c5600000| PB 0x00000000c5600000| Complete 
|  61|0x00000000c5f00000, 0x00000000c6000000, 0x00000000c6000000|100%| E|  |TAMS 0x00000000c5f00000| PB 0x00000000c5f00000| Complete 

Card table byte_map: [0x000002ce56c20000,0x000002ce56e10000] _byte_map_base: 0x000002ce5660f000

Marking Bits: (CMBitMap*) 0x000002ce3f61eb00
 Bits: [0x000002ce56e10000, 0x000002ce57d88000)

Polling page: 0x000002ce3d490000

Metaspace:

Usage:
  Non-class:     45.42 MB used.
      Class:      7.05 MB used.
       Both:     52.47 MB used.

Virtual space:
  Non-class space:       64.00 MB reserved,      45.75 MB ( 71%) committed,  1 nodes.
      Class space:        1.00 GB reserved,       7.31 MB ( <1%) committed,  1 nodes.
             Both:        1.06 GB reserved,      53.06 MB (  5%) committed. 

Chunk freelists:
   Non-Class:  2.06 MB
       Class:  8.62 MB
        Both:  10.69 MB

MaxMetaspaceSize: unlimited
CompressedClassSpaceSize: 1.00 GB
Initial GC threshold: 21.00 MB
Current GC threshold: 58.75 MB
CDS: on
 - commit_granule_bytes: 65536.
 - commit_granule_words: 8192.
 - virtual_space_node_default_size: 8388608.
 - enlarge_chunks_in_place: 1.
 - use_allocation_guard: 0.


Internal statistics:

num_allocs_failed_limit: 6.
num_arena_births: 850.
num_arena_deaths: 0.
num_vsnodes_births: 2.
num_vsnodes_deaths: 0.
num_space_committed: 849.
num_space_uncommitted: 0.
num_chunks_returned_to_freelist: 6.
num_chunks_taken_from_freelist: 2771.
num_chunk_merges: 6.
num_chunk_splits: 1984.
num_chunks_enlarged: 1528.
num_inconsistent_stats: 0.

CodeHeap 'non-profiled nmethods': size=120000Kb used=2651Kb max_used=2651Kb free=117348Kb
 bounds [0x000002ce4f500000, 0x000002ce4f7a0000, 0x000002ce56a30000]
CodeHeap 'profiled nmethods': size=120000Kb used=9337Kb max_used=9337Kb free=110662Kb
 bounds [0x000002ce47a30000, 0x000002ce48350000, 0x000002ce4ef60000]
CodeHeap 'non-nmethods': size=5760Kb used=1639Kb max_used=1660Kb free=4120Kb
 bounds [0x000002ce4ef60000, 0x000002ce4f1d0000, 0x000002ce4f500000]
 total_blobs=5356 nmethods=4676 adapters=585
 compilation: enabled
              stopped_count=0, restarted_count=0
 full_count=0

Compilation events (20 events):
Event: 29.732 Thread 0x000002ce5a2034f0 5064       3       sun.reflect.generics.reflectiveObjects.ParameterizedTypeImpl::make (11 bytes)
Event: 29.733 Thread 0x000002ce5a2034f0 nmethod 5064 0x000002ce48340a10 code [0x000002ce48340be0, 0x000002ce48340fd0]
Event: 29.735 Thread 0x000002ce5a2034f0 5065       3       java.lang.NoSuchMethodException::<init> (6 bytes)
Event: 29.735 Thread 0x000002ce5a2034f0 nmethod 5065 0x000002ce48341190 code [0x000002ce48341340, 0x000002ce48341538]
Event: 29.735 Thread 0x000002ce5a2034f0 5066       3       org.springframework.core.convert.TypeDescriptor::hashCode (8 bytes)
Event: 29.736 Thread 0x000002ce5a2034f0 nmethod 5066 0x000002ce48341610 code [0x000002ce483417c0, 0x000002ce48341a20]
Event: 29.738 Thread 0x000002ce5a2034f0 5067       3       java.lang.invoke.MethodHandles::filterArgumentsWithCombiner (9 bytes)
Event: 29.738 Thread 0x000002ce5a2034f0 nmethod 5067 0x000002ce48341b10 code [0x000002ce48341cc0, 0x000002ce48341df8]
Event: 29.789 Thread 0x000002ce5a2034f0 5068       3       java.util.StringJoiner::add (110 bytes)
Event: 29.791 Thread 0x000002ce5a2034f0 nmethod 5068 0x000002ce48341e90 code [0x000002ce483420e0, 0x000002ce48342b90]
Event: 29.792 Thread 0x000002ce5a2034f0 5069       3       java.lang.reflect.ProxyGenerator::generateClassFile (282 bytes)
Event: 29.794 Thread 0x000002ce5a2034f0 nmethod 5069 0x000002ce48342f10 code [0x000002ce48343340, 0x000002ce48344d88]
Event: 29.796 Thread 0x000002ce5a2034f0 5070       3       java.lang.reflect.ProxyGenerator$ProxyMethod::codeWrapArgument (54 bytes)
Event: 29.796 Thread 0x000002ce5a2034f0 nmethod 5070 0x000002ce48345510 code [0x000002ce48345700, 0x000002ce48345b90]
Event: 29.822 Thread 0x000002ce5a2034f0 5072       3       org.springframework.util.ReflectionUtils::findDefaultMethodsOnInterfaces (97 bytes)
Event: 29.824 Thread 0x000002ce5a2034f0 nmethod 5072 0x000002ce48345d10 code [0x000002ce48345f60, 0x000002ce48346850]
Event: 29.824 Thread 0x000002ce5a2034f0 5073       3       sun.reflect.generics.repository.AbstractRepository::<init> (19 bytes)
Event: 29.824 Thread 0x000002ce5a2034f0 nmethod 5073 0x000002ce48346c90 code [0x000002ce48346e40, 0x000002ce48347138]
Event: 29.825 Thread 0x000002ce5a2034f0 5074       3       sun.reflect.generics.repository.AbstractRepository::getReifier (8 bytes)
Event: 29.825 Thread 0x000002ce5a2034f0 nmethod 5074 0x000002ce48347210 code [0x000002ce483473c0, 0x000002ce483476b8]

GC Heap History (20 events):
Event: 3.146 GC heap before
{Heap before GC invocations=0 (full 0):
 garbage-first heap   total 63488K, used 13312K [0x00000000c2200000, 0x0000000100000000)
  region size 1024K, 13 young (13312K), 0 survivors (0K)
 Metaspace       used 3408K, committed 3584K, reserved 1114112K
  class space    used 322K, committed 384K, reserved 1048576K
}
Event: 3.160 GC heap after
{Heap after GC invocations=1 (full 0):
 garbage-first heap   total 63488K, used 7168K [0x00000000c2200000, 0x0000000100000000)
  region size 1024K, 2 young (2048K), 2 survivors (2048K)
 Metaspace       used 3408K, committed 3584K, reserved 1114112K
  class space    used 322K, committed 384K, reserved 1048576K
}
Event: 4.905 GC heap before
{Heap before GC invocations=1 (full 0):
 garbage-first heap   total 63488K, used 18432K [0x00000000c2200000, 0x0000000100000000)
  region size 1024K, 13 young (13312K), 2 survivors (2048K)
 Metaspace       used 6947K, committed 7168K, reserved 1114112K
  class space    used 785K, committed 896K, reserved 1048576K
}
Event: 4.915 GC heap after
{Heap after GC invocations=2 (full 0):
 garbage-first heap   total 63488K, used 8288K [0x00000000c2200000, 0x0000000100000000)
  region size 1024K, 2 young (2048K), 2 survivors (2048K)
 Metaspace       used 6947K, committed 7168K, reserved 1114112K
  class space    used 785K, committed 896K, reserved 1048576K
}
Event: 6.615 GC heap before
{Heap before GC invocations=2 (full 0):
 garbage-first heap   total 63488K, used 30816K [0x00000000c2200000, 0x0000000100000000)
  region size 1024K, 25 young (25600K), 2 survivors (2048K)
 Metaspace       used 13337K, committed 13696K, reserved 1114112K
  class space    used 1554K, committed 1728K, reserved 1048576K
}
Event: 6.622 GC heap after
{Heap after GC invocations=3 (full 0):
 garbage-first heap   total 63488K, used 10177K [0x00000000c2200000, 0x0000000100000000)
  region size 1024K, 3 young (3072K), 3 survivors (3072K)
 Metaspace       used 13337K, committed 13696K, reserved 1114112K
  class space    used 1554K, committed 1728K, reserved 1048576K
}
Event: 8.987 GC heap before
{Heap before GC invocations=3 (full 0):
 garbage-first heap   total 63488K, used 43969K [0x00000000c2200000, 0x0000000100000000)
  region size 1024K, 37 young (37888K), 3 survivors (3072K)
 Metaspace       used 19239K, committed 19520K, reserved 1114112K
  class space    used 2292K, committed 2432K, reserved 1048576K
}
Event: 9.002 GC heap after
{Heap after GC invocations=4 (full 0):
 garbage-first heap   total 63488K, used 13392K [0x00000000c2200000, 0x0000000100000000)
  region size 1024K, 5 young (5120K), 5 survivors (5120K)
 Metaspace       used 19239K, committed 19520K, reserved 1114112K
  class space    used 2292K, committed 2432K, reserved 1048576K
}
Event: 10.540 GC heap before
{Heap before GC invocations=4 (full 0):
 garbage-first heap   total 63488K, used 25680K [0x00000000c2200000, 0x0000000100000000)
  region size 1024K, 19 young (19456K), 5 survivors (5120K)
 Metaspace       used 21200K, committed 21504K, reserved 1114112K
  class space    used 2532K, committed 2688K, reserved 1048576K
}
Event: 10.559 GC heap after
{Heap after GC invocations=5 (full 0):
 garbage-first heap   total 63488K, used 14437K [0x00000000c2200000, 0x0000000100000000)
  region size 1024K, 2 young (2048K), 2 survivors (2048K)
 Metaspace       used 21200K, committed 21504K, reserved 1114112K
  class space    used 2532K, committed 2688K, reserved 1048576K
}
Event: 14.214 GC heap before
{Heap before GC invocations=6 (full 0):
 garbage-first heap   total 55296K, used 45157K [0x00000000c2200000, 0x0000000100000000)
  region size 1024K, 32 young (32768K), 2 survivors (2048K)
 Metaspace       used 27120K, committed 27520K, reserved 1114112K
  class space    used 3409K, committed 3584K, reserved 1048576K
}
Event: 14.228 GC heap after
{Heap after GC invocations=7 (full 0):
 garbage-first heap   total 55296K, used 17078K [0x00000000c2200000, 0x0000000100000000)
  region size 1024K, 4 young (4096K), 4 survivors (4096K)
 Metaspace       used 27120K, committed 27520K, reserved 1114112K
  class space    used 3409K, committed 3584K, reserved 1048576K
}
Event: 17.049 GC heap before
{Heap before GC invocations=7 (full 0):
 garbage-first heap   total 55296K, used 43702K [0x00000000c2200000, 0x0000000100000000)
  region size 1024K, 30 young (30720K), 4 survivors (4096K)
 Metaspace       used 33319K, committed 33856K, reserved 1114112K
  class space    used 4233K, committed 4480K, reserved 1048576K
}
Event: 17.064 GC heap after
{Heap after GC invocations=8 (full 0):
 garbage-first heap   total 55296K, used 19053K [0x00000000c2200000, 0x0000000100000000)
  region size 1024K, 2 young (2048K), 2 survivors (2048K)
 Metaspace       used 33319K, committed 33856K, reserved 1114112K
  class space    used 4233K, committed 4480K, reserved 1048576K
}
Event: 18.451 GC heap before
{Heap before GC invocations=8 (full 0):
 garbage-first heap   total 55296K, used 26221K [0x00000000c2200000, 0x0000000100000000)
  region size 1024K, 10 young (10240K), 2 survivors (2048K)
 Metaspace       used 35431K, committed 35968K, reserved 1114112K
  class space    used 4598K, committed 4864K, reserved 1048576K
}
Event: 18.456 GC heap after
{Heap after GC invocations=9 (full 0):
 garbage-first heap   total 55296K, used 19371K [0x00000000c2200000, 0x0000000100000000)
  region size 1024K, 3 young (3072K), 3 survivors (3072K)
 Metaspace       used 35431K, committed 35968K, reserved 1114112K
  class space    used 4598K, committed 4864K, reserved 1048576K
}
Event: 21.627 GC heap before
{Heap before GC invocations=10 (full 0):
 garbage-first heap   total 55296K, used 44971K [0x00000000c2200000, 0x0000000100000000)
  region size 1024K, 29 young (29696K), 3 survivors (3072K)
 Metaspace       used 43080K, committed 43712K, reserved 1114112K
  class space    used 5559K, committed 5824K, reserved 1048576K
}
Event: 21.645 GC heap after
{Heap after GC invocations=11 (full 0):
 garbage-first heap   total 55296K, used 21305K [0x00000000c2200000, 0x0000000100000000)
  region size 1024K, 3 young (3072K), 3 survivors (3072K)
 Metaspace       used 43080K, committed 43712K, reserved 1114112K
  class space    used 5559K, committed 5824K, reserved 1048576K
}
Event: 27.456 GC heap before
{Heap before GC invocations=11 (full 0):
 garbage-first heap   total 55296K, used 45881K [0x00000000c2200000, 0x0000000100000000)
  region size 1024K, 28 young (28672K), 3 survivors (3072K)
 Metaspace       used 50611K, committed 51200K, reserved 1114112K
  class space    used 6785K, committed 7040K, reserved 1048576K
}
Event: 27.481 GC heap after
{Heap after GC invocations=12 (full 0):
 garbage-first heap   total 55296K, used 22592K [0x00000000c2200000, 0x0000000100000000)
  region size 1024K, 4 young (4096K), 4 survivors (4096K)
 Metaspace       used 50611K, committed 51200K, reserved 1114112K
  class space    used 6785K, committed 7040K, reserved 1048576K
}

Dll operation events (14 events):
Event: 0.037 Loaded shared library C:\Users\Никита\.jdks\openjdk-21.0.1\bin\java.dll
Event: 0.193 Loaded shared library C:\Users\Никита\.jdks\openjdk-21.0.1\bin\jsvml.dll
Event: 1.139 Loaded shared library C:\Users\Никита\.jdks\openjdk-21.0.1\bin\zip.dll
Event: 1.209 Loaded shared library C:\Users\Никита\.jdks\openjdk-21.0.1\bin\instrument.dll
Event: 1.289 Loaded shared library C:\Users\Никита\.jdks\openjdk-21.0.1\bin\net.dll
Event: 1.297 Loaded shared library C:\Users\Никита\.jdks\openjdk-21.0.1\bin\nio.dll
Event: 1.311 Loaded shared library C:\Users\Никита\.jdks\openjdk-21.0.1\bin\zip.dll
Event: 2.029 Loaded shared library C:\Program Files\JetBrains\IntelliJ IDEA Community Edition 2023.2.5\bin\breakgen64.dll
Event: 2.333 Loaded shared library C:\Users\Никита\.jdks\openjdk-21.0.1\bin\extnet.dll
Event: 2.467 Loaded shared library C:\Users\Никита\.jdks\openjdk-21.0.1\bin\jimage.dll
Event: 7.324 Loaded shared library C:\Users\Никита\.jdks\openjdk-21.0.1\bin\sunmscapi.dll
Event: 14.626 Loaded shared library C:\Users\Никита\.jdks\openjdk-21.0.1\bin\management.dll
Event: 14.633 Loaded shared library C:\Users\Никита\.jdks\openjdk-21.0.1\bin\management_ext.dll
Event: 17.336 Loaded shared library C:\Users\Никита\.jdks\openjdk-21.0.1\bin\verify.dll

Deoptimization events (20 events):
Event: 25.965 Thread 0x000002ce3d547b70 Uncommon trap: trap_request=0xffffffcc fr.pc=0x000002ce4f762b7c relative=0x00000000000002bc
Event: 25.966 Thread 0x000002ce3d547b70 Uncommon trap: reason=intrinsic_or_type_checked_inlining action=make_not_entrant pc=0x000002ce4f762b7c method=java.util.Arrays.copyOf([Ljava/lang/Object;ILjava/lang/Class;)[Ljava/lang/Object; @ 35 c2
Event: 25.966 Thread 0x000002ce3d547b70 DEOPT PACKING pc=0x000002ce4f762b7c sp=0x000000d8c61fd900
Event: 25.966 Thread 0x000002ce3d547b70 DEOPT UNPACKING pc=0x000002ce4efb469c sp=0x000000d8c61fd890 mode 2
Event: 28.906 Thread 0x000002ce3d547b70 Uncommon trap: trap_request=0xffffff45 fr.pc=0x000002ce4f76e120 relative=0x0000000000000260
Event: 28.906 Thread 0x000002ce3d547b70 Uncommon trap: reason=unstable_if action=reinterpret pc=0x000002ce4f76e120 method=jdk.internal.reflect.DirectMethodHandleAccessor.invokeImpl(Ljava/lang/Object;[Ljava/lang/Object;)Ljava/lang/Object; @ 4 c2
Event: 28.906 Thread 0x000002ce3d547b70 DEOPT PACKING pc=0x000002ce4f76e120 sp=0x000000d8c61fdb00
Event: 28.906 Thread 0x000002ce3d547b70 DEOPT UNPACKING pc=0x000002ce4efb469c sp=0x000000d8c61fda30 mode 2
Event: 29.656 Thread 0x000002ce3d547b70 Uncommon trap: trap_request=0xffffff45 fr.pc=0x000002ce4f76db88 relative=0x0000000000000068
Event: 29.656 Thread 0x000002ce3d547b70 Uncommon trap: reason=unstable_if action=reinterpret pc=0x000002ce4f76db88 method=jdk.internal.reflect.DirectMethodHandleAccessor.checkArgumentCount(I[Ljava/lang/Object;)V @ 1 c2
Event: 29.656 Thread 0x000002ce3d547b70 DEOPT PACKING pc=0x000002ce4f76db88 sp=0x000000d8c61fc2c0
Event: 29.657 Thread 0x000002ce3d547b70 DEOPT UNPACKING pc=0x000002ce4efb469c sp=0x000000d8c61fc258 mode 2
Event: 29.680 Thread 0x000002ce3d547b70 Uncommon trap: trap_request=0xffffff45 fr.pc=0x000002ce4f6b55b0 relative=0x0000000000000430
Event: 29.680 Thread 0x000002ce3d547b70 Uncommon trap: reason=unstable_if action=reinterpret pc=0x000002ce4f6b55b0 method=org.springframework.core.annotation.TypeMappedAnnotations$MergedAnnotationFinder.doWithAnnotations(Ljava/lang/Object;ILjava/lang/Object;[Ljava/lang/annotation/Annotation;)Lo
Event: 29.680 Thread 0x000002ce3d547b70 DEOPT PACKING pc=0x000002ce4f6b55b0 sp=0x000000d8c61fcae0
Event: 29.680 Thread 0x000002ce3d547b70 DEOPT UNPACKING pc=0x000002ce4efb469c sp=0x000000d8c61fca20 mode 2
Event: 29.691 Thread 0x000002ce3d547b70 Uncommon trap: trap_request=0xfffffff4 fr.pc=0x000002ce4f78d200 relative=0x0000000000000340
Event: 29.691 Thread 0x000002ce3d547b70 Uncommon trap: reason=null_check action=make_not_entrant pc=0x000002ce4f78d200 method=sun.invoke.util.VerifyType.isNullConversion(Ljava/lang/Class;Ljava/lang/Class;Z)Z @ 67 c2
Event: 29.692 Thread 0x000002ce3d547b70 DEOPT PACKING pc=0x000002ce4f78d200 sp=0x000000d8c61fbc30
Event: 29.692 Thread 0x000002ce3d547b70 DEOPT UNPACKING pc=0x000002ce4efb469c sp=0x000000d8c61fbbb0 mode 2

Classes loaded (20 events):
Event: 21.769 Loading class java/util/concurrent/CompletableFuture$Completion
Event: 21.769 Loading class java/util/concurrent/CompletableFuture$AsynchronousCompletionTask
Event: 21.769 Loading class java/util/concurrent/CompletableFuture$AsynchronousCompletionTask done
Event: 21.770 Loading class java/util/concurrent/CompletableFuture$Completion done
Event: 22.340 Loading class java/util/concurrent/CancellationException
Event: 22.340 Loading class java/util/concurrent/CancellationException done
Event: 23.803 Loading class java/security/CodeSigner
Event: 23.803 Loading class java/security/CodeSigner done
Event: 23.955 Loading class java/util/ArrayList$ListItr
Event: 23.955 Loading class java/util/ArrayList$ListItr done
Event: 24.992 Loading class java/util/AbstractList$SubList
Event: 24.993 Loading class java/util/AbstractList$SubList done
Event: 25.062 Loading class java/lang/reflect/AnnotatedArrayType
Event: 25.062 Loading class java/lang/reflect/AnnotatedArrayType done
Event: 29.401 Loading class javax/naming/Reference
Event: 29.402 Loading class javax/naming/Reference done
Event: 29.714 Loading class java/lang/SafeVarargs
Event: 29.714 Loading class java/lang/SafeVarargs done
Event: 29.732 Loading class sun/reflect/generics/reflectiveObjects/GenericArrayTypeImpl
Event: 29.733 Loading class sun/reflect/generics/reflectiveObjects/GenericArrayTypeImpl done

Classes unloaded (0 events):
No events

Classes redefined (0 events):
No events

Internal exceptions (20 events):
Event: 21.285 Thread 0x000002cea887ebd0 Implicit null exception at 0x000002ce4f565ba2 to 0x000002ce4f565d20
Event: 22.579 Thread 0x000002ce3d547b70 Exception <a 'java/lang/IncompatibleClassChangeError'{0x00000000c540fd08}: Found class java.lang.Object, but interface was expected> (0x00000000c540fd08) 
thrown [s\open\src\hotspot\share\interpreter\linkResolver.cpp, line 840]
Event: 22.806 Thread 0x000002ce3d547b70 Exception <a 'java/lang/NoSuchMethodError'{0x00000000c54b9930}: 'java.lang.Object java.lang.invoke.DirectMethodHandle$Holder.invokeStatic(java.lang.Object, java.lang.Object, int, java.lang.Object)'> (0x00000000c54b9930) 
thrown [s\open\src\hotspot\share\interpreter\linkResolver.cpp, line 773]
Event: 22.808 Thread 0x000002ce3d547b70 Exception <a 'java/lang/NoSuchMethodError'{0x00000000c54bd128}: 'java.lang.Object java.lang.invoke.DirectMethodHandle$Holder.invokeStaticInit(java.lang.Object, java.lang.Object, int, java.lang.Object)'> (0x00000000c54bd128) 
thrown [s\open\src\hotspot\share\interpreter\linkResolver.cpp, line 773]
Event: 27.315 Thread 0x000002ce3d547b70 Exception <a 'java/lang/NoSuchMethodError'{0x00000000c3fe4cf0}: 'void java.lang.invoke.DirectMethodHandle$Holder.invokeInterface(java.lang.Object, java.lang.Object, int, java.lang.Object)'> (0x00000000c3fe4cf0) 
thrown [s\open\src\hotspot\share\interpreter\linkResolver.cpp, line 773]
Event: 27.502 Thread 0x000002ce3d547b70 Exception <a 'java/lang/NoSuchMethodError'{0x00000000c5f08ce8}: 'java.lang.Object java.lang.invoke.DirectMethodHandle$Holder.newInvokeSpecial(java.lang.Object, java.lang.Object, int, java.lang.Object)'> (0x00000000c5f08ce8) 
thrown [s\open\src\hotspot\share\interpreter\linkResolver.cpp, line 773]
Event: 27.507 Thread 0x000002ce3d547b70 Exception <a 'java/lang/NoSuchMethodError'{0x00000000c5f0c648}: 'java.lang.Object java.lang.invoke.Invokers$Holder.linkToTargetMethod(java.lang.Object, int, java.lang.Object, java.lang.Object)'> (0x00000000c5f0c648) 
thrown [s\open\src\hotspot\share\interpreter\linkResolver.cpp, line 773]
Event: 28.033 Thread 0x000002ce3d547b70 Exception <a 'java/lang/NoSuchMethodError'{0x00000000c56e0418}: 'int java.lang.invoke.DirectMethodHandle$Holder.invokeStatic(java.lang.Object, int, java.lang.Object)'> (0x00000000c56e0418) 
thrown [s\open\src\hotspot\share\interpreter\linkResolver.cpp, line 773]
Event: 28.043 Thread 0x000002ce3d547b70 Exception <a 'java/lang/NoSuchMethodError'{0x00000000c56fd4c0}: 'java.lang.Object java.lang.invoke.DirectMethodHandle$Holder.newInvokeSpecial(java.lang.Object, java.lang.Object, java.lang.Object, java.lang.Object, java.lang.Object, int, java.lang.Object)'> (0x00000000c56fd4c0) 
thrown [s\open\src\hotspot\share\interpreter\linkResolver.cpp, line 773]
Event: 28.379 Thread 0x000002ce3d547b70 Exception <a 'java/lang/NoSuchMethodError'{0x00000000c54a8ed8}: 'java.lang.Object java.lang.invoke.DirectMethodHandle$Holder.newInvokeSpecial(java.lang.Object, java.lang.Object, java.lang.Object, java.lang.Object, java.lang.Object, java.lang.Object)'> (0x00000000c54a8ed8) 
thrown [s\open\src\hotspot\share\interpreter\linkResolver.cpp, line 773]
Event: 28.458 Thread 0x000002ce3d547b70 Exception <a 'java/lang/NoSuchMethodError'{0x00000000c5309808}: 'java.lang.Object java.lang.invoke.DirectMethodHandle$Holder.newInvokeSpecial(java.lang.Object, java.lang.Object, java.lang.Object, java.lang.Object, java.lang.Object, java.lang.Object, java.lang.Object, int)'> (0x00000000c5309808) 
thrown [s\open\src\hotspot\share\interpreter\linkResolver.cpp, line 773]
Event: 28.462 Thread 0x000002ce3d547b70 Exception <a 'java/lang/NoSuchMethodError'{0x00000000c530dd68}: 'java.lang.Object java.lang.invoke.DirectMethodHandle$Holder.invokeSpecial(java.lang.Object, java.lang.Object, java.lang.Object, java.lang.Object, java.lang.Object, java.lang.Object, java.lang.Object, java.lang.Object, int)'> (0x00000000c530dd68) 
thrown [s\open\src\hotspot\share\interpreter\linkResolver.cpp, line 773]
Event: 28.469 Thread 0x000002ce3d547b70 Exception <a 'java/lang/NoSuchMethodError'{0x00000000c5311d80}: 'java.lang.Object java.lang.invoke.Invokers$Holder.linkToTargetMethod(java.lang.Object, java.lang.Object, java.lang.Object, java.lang.Object, java.lang.Object, java.lang.Object, int, java.lang.Object)'> (0x00000000c5311d80) 
thrown [s\open\src\hotspot\share\interpreter\linkResolver.cpp, line 773]
Event: 28.602 Thread 0x000002ce3d547b70 Exception <a 'java/lang/NoSuchMethodError'{0x00000000c53c3138}: 'java.lang.Object java.lang.invoke.DirectMethodHandle$Holder.newInvokeSpecial(java.lang.Object, java.lang.Object, java.lang.Object, java.lang.Object, java.lang.Object, java.lang.Object, java.lang.Object, java.lang.Object)'> (0x00000000c53c3138) 
thrown [s\open\src\hotspot\share\interpreter\linkResolver.cpp, line 773]
Event: 28.659 Thread 0x000002ce3d547b70 Exception <a 'java/lang/NoSuchMethodError'{0x00000000c5223240}: 'java.lang.Object java.lang.invoke.DirectMethodHandle$Holder.newInvokeSpecial(java.lang.Object, java.lang.Object, int, java.lang.Object, int, java.lang.Object, java.lang.Object)'> (0x00000000c5223240) 
thrown [s\open\src\hotspot\share\interpreter\linkResolver.cpp, line 773]
Event: 28.712 Thread 0x000002ce3d547b70 Exception <a 'java/lang/NoSuchMethodError'{0x00000000c52613e8}: 'void java.lang.invoke.DirectMethodHandle$Holder.invokeInterface(java.lang.Object, java.lang.Object)'> (0x00000000c52613e8) 
thrown [s\open\src\hotspot\share\interpreter\linkResolver.cpp, line 773]
Event: 29.345 Thread 0x000002ce3d547b70 Exception <a 'java/lang/NoSuchMethodError'{0x00000000c4fb8418}: 'java.lang.Object java.lang.invoke.DirectMethodHandle$Holder.invokeSpecial(java.lang.Object, java.lang.Object, int, java.lang.Object, int)'> (0x00000000c4fb8418) 
thrown [s\open\src\hotspot\share\interpreter\linkResolver.cpp, line 773]
Event: 29.426 Thread 0x000002ce3d547b70 Exception <a 'java/lang/NoSuchMethodError'{0x00000000c4e49810}: 'void java.lang.invoke.Invokers$Holder.invokeExact_MT(java.lang.Object, java.lang.Object, java.lang.Object, java.lang.Object)'> (0x00000000c4e49810) 
thrown [s\open\src\hotspot\share\interpreter\linkResolver.cpp, line 773]
Event: 29.656 Thread 0x000002ce3d547b70 Implicit null exception at 0x000002ce4f76db3a to 0x000002ce4f76db74
Event: 29.691 Thread 0x000002ce3d547b70 Implicit null exception at 0x000002ce4f78cf87 to 0x000002ce4f78d1ec

ZGC Phase Switch (0 events):
No events

VM Operations (20 events):
Event: 21.627 Executing VM operation: G1CollectForAllocation (GCLocker Initiated GC)
Event: 21.645 Executing VM operation: G1CollectForAllocation (GCLocker Initiated GC) done
Event: 22.657 Executing VM operation: Cleanup
Event: 22.657 Executing VM operation: Cleanup done
Event: 23.662 Executing VM operation: Cleanup
Event: 23.662 Executing VM operation: Cleanup done
Event: 23.956 Executing VM operation: HandshakeAllThreads (Deoptimize)
Event: 23.957 Executing VM operation: HandshakeAllThreads (Deoptimize) done
Event: 24.964 Executing VM operation: Cleanup
Event: 24.964 Executing VM operation: Cleanup done
Event: 25.979 Executing VM operation: Cleanup
Event: 25.979 Executing VM operation: Cleanup done
Event: 26.984 Executing VM operation: Cleanup
Event: 27.009 Executing VM operation: Cleanup done
Event: 27.456 Executing VM operation: G1CollectForAllocation (G1 Evacuation Pause)
Event: 27.481 Executing VM operation: G1CollectForAllocation (G1 Evacuation Pause) done
Event: 28.495 Executing VM operation: Cleanup
Event: 28.501 Executing VM operation: Cleanup done
Event: 29.510 Executing VM operation: Cleanup
Event: 29.544 Executing VM operation: Cleanup done

Events (20 events):
Event: 18.512 Thread 0x000002ce3f6a2290 flushing nmethod 0x000002ce4f557890
Event: 18.512 Thread 0x000002ce3f6a2290 flushing nmethod 0x000002ce4f54a610
Event: 18.512 Thread 0x000002ce3f6a2290 flushing nmethod 0x000002ce4f545490
Event: 18.512 Thread 0x000002ce3f6a2290 flushing nmethod 0x000002ce4f545190
Event: 18.512 Thread 0x000002ce3f6a2290 flushing nmethod 0x000002ce4f544e10
Event: 18.512 Thread 0x000002ce3f6a2290 flushing nmethod 0x000002ce4f549b10
Event: 18.512 Thread 0x000002ce3f6a2290 flushing nmethod 0x000002ce4f514490
Event: 18.512 Thread 0x000002ce3f6a2290 flushing nmethod 0x000002ce4f534e10
Event: 18.512 Thread 0x000002ce3f6a2290 flushing nmethod 0x000002ce4f53ac10
Event: 18.512 Thread 0x000002ce3f6a2290 flushing nmethod 0x000002ce4f530190
Event: 18.512 Thread 0x000002ce3f6a2290 flushing nmethod 0x000002ce4f50e890
Event: 18.512 Thread 0x000002ce3f6a2290 flushing nmethod 0x000002ce4f51e890
Event: 18.512 Thread 0x000002ce3f6a2290 flushing nmethod 0x000002ce4f51a110
Event: 18.512 Thread 0x000002ce3f6a2290 flushing nmethod 0x000002ce4f512110
Event: 18.512 Thread 0x000002ce3f6a2290 flushing nmethod 0x000002ce4f50cf90
Event: 18.512 Thread 0x000002ce3f6a2290 flushing nmethod 0x000002ce4f50be90
Event: 19.659 Thread 0x000002cea887ff80 Thread added: 0x000002cea887ff80
Event: 19.711 Thread 0x000002cea887cb00 Thread added: 0x000002cea887cb00
Event: 19.822 Thread 0x000002cea887ebd0 Thread added: 0x000002cea887ebd0
Event: 27.331 Thread 0x000002cea887ebd0 Thread exited: 0x000002cea887ebd0


Dynamic libraries:
0x00007ff6187e0000 - 0x00007ff6187ee000 	C:\Users\Никита\.jdks\openjdk-21.0.1\bin\java.exe
0x00007fffd1db0000 - 0x00007fffd1fa8000 	C:\Windows\SYSTEM32\ntdll.dll
0x00007fffd19d0000 - 0x00007fffd1a8d000 	C:\Windows\System32\KERNEL32.DLL
0x00007fffcfa40000 - 0x00007fffcfd36000 	C:\Windows\System32\KERNELBASE.dll
0x00007fffcf610000 - 0x00007fffcf710000 	C:\Windows\System32\ucrtbase.dll
0x00007fffc8d80000 - 0x00007fffc8d9b000 	C:\Users\Никита\.jdks\openjdk-21.0.1\bin\VCRUNTIME140.dll
0x00007fffc8d60000 - 0x00007fffc8d78000 	C:\Users\Никита\.jdks\openjdk-21.0.1\bin\jli.dll
0x00007fffd0860000 - 0x00007fffd09fe000 	C:\Windows\System32\USER32.dll
0x00007fffb5540000 - 0x00007fffb57da000 	C:\Windows\WinSxS\amd64_microsoft.windows.common-controls_6595b64144ccf1df_6.0.19041.3636_none_60b6a03d71f818d5\COMCTL32.dll
0x00007fffcf480000 - 0x00007fffcf4a2000 	C:\Windows\System32\win32u.dll
0x00007fffd1560000 - 0x00007fffd15fe000 	C:\Windows\System32\msvcrt.dll
0x00007fffd0b80000 - 0x00007fffd0bac000 	C:\Windows\System32\GDI32.dll
0x00007fffcf870000 - 0x00007fffcf98a000 	C:\Windows\System32\gdi32full.dll
0x00007fffcf4e0000 - 0x00007fffcf57d000 	C:\Windows\System32\msvcp_win.dll
0x00007fffd1530000 - 0x00007fffd1560000 	C:\Windows\System32\IMM32.DLL
0x00007fffcb5c0000 - 0x00007fffcb5cc000 	C:\Users\Никита\.jdks\openjdk-21.0.1\bin\vcruntime140_1.dll
0x00007fffc8750000 - 0x00007fffc87de000 	C:\Users\Никита\.jdks\openjdk-21.0.1\bin\msvcp140.dll
0x00007fff9bd50000 - 0x00007fff9ca65000 	C:\Users\Никита\.jdks\openjdk-21.0.1\bin\server\jvm.dll
0x00007fffd1470000 - 0x00007fffd1523000 	C:\Windows\System32\ADVAPI32.dll
0x00007fffd07a0000 - 0x00007fffd083f000 	C:\Windows\System32\sechost.dll
0x00007fffd18a0000 - 0x00007fffd19c6000 	C:\Windows\System32\RPCRT4.dll
0x00007fffcf4b0000 - 0x00007fffcf4d7000 	C:\Windows\System32\bcrypt.dll
0x00007fffd0ab0000 - 0x00007fffd0b1b000 	C:\Windows\System32\WS2_32.dll
0x00007fffcf2e0000 - 0x00007fffcf32b000 	C:\Windows\SYSTEM32\POWRPROF.dll
0x00007fffc16a0000 - 0x00007fffc16c7000 	C:\Windows\SYSTEM32\WINMM.dll
0x00007fffc79d0000 - 0x00007fffc79da000 	C:\Windows\SYSTEM32\VERSION.dll
0x00007fffcf2c0000 - 0x00007fffcf2d2000 	C:\Windows\SYSTEM32\UMPDC.dll
0x00007fffcdcc0000 - 0x00007fffcdcd2000 	C:\Windows\SYSTEM32\kernel.appcore.dll
0x00007fffc9460000 - 0x00007fffc946a000 	C:\Users\Никита\.jdks\openjdk-21.0.1\bin\jimage.dll
0x00007fffcd9e0000 - 0x00007fffcdbc4000 	C:\Windows\SYSTEM32\DBGHELP.DLL
0x00007fffc7420000 - 0x00007fffc7454000 	C:\Windows\SYSTEM32\dbgcore.DLL
0x00007fffcf580000 - 0x00007fffcf602000 	C:\Windows\System32\bcryptPrimitives.dll
0x00007fffc9440000 - 0x00007fffc944f000 	C:\Users\Никита\.jdks\openjdk-21.0.1\bin\instrument.dll
0x00007fffc8d40000 - 0x00007fffc8d5f000 	C:\Users\Никита\.jdks\openjdk-21.0.1\bin\java.dll
0x00007fffd0bb0000 - 0x00007fffd12f5000 	C:\Windows\System32\SHELL32.dll
0x00007fffcd240000 - 0x00007fffcd9db000 	C:\Windows\SYSTEM32\windows.storage.dll
0x00007fffd02d0000 - 0x00007fffd0624000 	C:\Windows\System32\combase.dll
0x00007fffcede0000 - 0x00007fffcee0d000 	C:\Windows\SYSTEM32\Wldp.dll
0x00007fffd0a00000 - 0x00007fffd0aad000 	C:\Windows\System32\SHCORE.dll
0x00007fffd0b20000 - 0x00007fffd0b75000 	C:\Windows\System32\shlwapi.dll
0x00007fffcf3b0000 - 0x00007fffcf3d5000 	C:\Windows\SYSTEM32\profapi.dll
0x00007fffb4f30000 - 0x00007fffb5007000 	C:\Users\Никита\.jdks\openjdk-21.0.1\bin\jsvml.dll
0x00007fffc6490000 - 0x00007fffc64a8000 	C:\Users\Никита\.jdks\openjdk-21.0.1\bin\zip.dll
0x00007fffc8d10000 - 0x00007fffc8d20000 	C:\Users\Никита\.jdks\openjdk-21.0.1\bin\net.dll
0x00007fffc6880000 - 0x00007fffc698a000 	C:\Windows\SYSTEM32\WINHTTP.dll
0x00007fffceb40000 - 0x00007fffcebaa000 	C:\Windows\system32\mswsock.dll
0x00007fffc8b50000 - 0x00007fffc8b66000 	C:\Users\Никита\.jdks\openjdk-21.0.1\bin\nio.dll
0x00007fffc7580000 - 0x00007fffc759a000 	C:\Program Files\JetBrains\IntelliJ IDEA Community Edition 2023.2.5\bin\breakgen64.dll
0x00007fffc8ca0000 - 0x00007fffc8ca7000 	C:\Users\Никита\.jdks\openjdk-21.0.1\bin\extnet.dll
0x00007fffc65e0000 - 0x00007fffc65ee000 	C:\Users\Никита\.jdks\openjdk-21.0.1\bin\sunmscapi.dll
0x00007fffcf710000 - 0x00007fffcf86d000 	C:\Windows\System32\CRYPT32.dll
0x00007fffcee50000 - 0x00007fffcee78000 	C:\Windows\SYSTEM32\ncrypt.dll
0x00007fffcee10000 - 0x00007fffcee4b000 	C:\Windows\SYSTEM32\NTASN1.dll
0x00007fffced30000 - 0x00007fffced48000 	C:\Windows\SYSTEM32\CRYPTSP.dll
0x00007fffce470000 - 0x00007fffce4a4000 	C:\Windows\system32\rsaenh.dll
0x00007fffcf330000 - 0x00007fffcf35e000 	C:\Windows\SYSTEM32\USERENV.dll
0x00007fffced50000 - 0x00007fffced5c000 	C:\Windows\SYSTEM32\CRYPTBASE.dll
0x00007fffce830000 - 0x00007fffce86b000 	C:\Windows\SYSTEM32\IPHLPAPI.DLL
0x00007fffd0630000 - 0x00007fffd0638000 	C:\Windows\System32\NSI.dll
0x00007fffc8c40000 - 0x00007fffc8c4a000 	C:\Users\Никита\.jdks\openjdk-21.0.1\bin\management.dll
0x00007fffc7570000 - 0x00007fffc757b000 	C:\Users\Никита\.jdks\openjdk-21.0.1\bin\management_ext.dll
0x00007fffd1300000 - 0x00007fffd1308000 	C:\Windows\System32\PSAPI.DLL
0x00007fffc8c70000 - 0x00007fffc8c80000 	C:\Users\Никита\.jdks\openjdk-21.0.1\bin\verify.dll
0x00007fffce870000 - 0x00007fffce93a000 	C:\Windows\SYSTEM32\DNSAPI.dll
0x00007fffc1710000 - 0x00007fffc171a000 	C:\Windows\System32\rasadhlp.dll
0x00007fffc42c0000 - 0x00007fffc4340000 	C:\Windows\System32\fwpuclnt.dll

dbghelp: loaded successfully - version: 4.0.5 - missing functions: none
symbol engine: initialized successfully - sym options: 0x614 - pdb path: .;C:\Users\Никита\.jdks\openjdk-21.0.1\bin;C:\Windows\SYSTEM32;C:\Windows\WinSxS\amd64_microsoft.windows.common-controls_6595b64144ccf1df_6.0.19041.3636_none_60b6a03d71f818d5;C:\Users\Никита\.jdks\openjdk-21.0.1\bin\server;C:\Program Files\JetBrains\IntelliJ IDEA Community Edition 2023.2.5\bin

VM Arguments:
jvm_args: -javaagent:C:\Program Files\JetBrains\IntelliJ IDEA Community Edition 2023.2.5\lib\idea_rt.jar=59653:C:\Program Files\JetBrains\IntelliJ IDEA Community Edition 2023.2.5\bin -Dfile.encoding=UTF-8 -Dsun.stdout.encoding=UTF-8 -Dsun.stderr.encoding=UTF-8 
java_command: com.example.demo.DemoApplication
java_class_path (initial): C:\Users\Никита\Desktop\demo\target\classes;C:\Users\Никита\.m2\repository\org\springframework\boot\spring-boot-starter-data-jpa\3.2.0\spring-boot-starter-data-jpa-3.2.0.jar;C:\Users\Никита\.m2\repository\org\springframework\boot\spring-boot-starter-aop\3.2.0\spring-boot-starter-aop-3.2.0.jar;C:\Users\Никита\.m2\repository\org\aspectj\aspectjweaver\1.9.20.1\aspectjweaver-1.9.20.1.jar;C:\Users\Никита\.m2\repository\org\springframework\boot\spring-boot-starter-jdbc\3.2.0\spring-boot-starter-jdbc-3.2.0.jar;C:\Users\Никита\.m2\repository\com\zaxxer\HikariCP\5.0.1\HikariCP-5.0.1.jar;C:\Users\Никита\.m2\repository\org\springframework\spring-jdbc\6.1.1\spring-jdbc-6.1.1.jar;C:\Users\Никита\.m2\repository\org\hibernate\orm\hibernate-core\6.3.1.Final\hibernate-core-6.3.1.Final.jar;C:\Users\Никита\.m2\repository\jakarta\persistence\jakarta.persistence-api\3.1.0\jakarta.persistence-api-3.1.0.jar;C:\Users\Никита\.m2\repository\jakarta\transaction\jakarta.transaction-api\2.0.1\jakarta.transaction-api-2.0.1.jar;C:\Users\Никита\.m2\repository\org\jboss\logging\jboss-logging\3.5.3.Final\jboss-logging-3.5.3.Final.jar;C:\Users\Никита\.m2\repository\org\hibernate\common\hibernate-commons-annotations\6.0.6.Final\hibernate-commons-annotations-6.0.6.Final.jar;C:\Users\Никита\.m2\repository\io\smallrye\jandex\3.1.2\jandex-3.1.2.jar;C:\Users\Никита\.m2\repository\com\fasterxml\classmate\1.6.0\classmate-1.6.0.jar;C:\Users\Никита\.m2\repository\net\bytebuddy\byte-buddy\1.14.10\byte-buddy-1.14.10.jar;C:\Users\Никита\.m2\repository\org\glassfish\jaxb\jaxb-runtime\4.0.4\jaxb-runtime-4.0.4.jar;C:\Users\Никита\.m2\repository\org\glassfish\jaxb\jaxb-core\4.0.4\jaxb-core-4.0.4.jar;C:\Users\Никита\.m2\repository\org\glassfish\jaxb\txw2\4.0.4\txw2-4.0.4.jar;C:\Users\Никита\.m2\repository\com\sun\istack\istack-commons-runtime\4.1.2\istack-commons-runtime-4.1.2.jar;C:\Users\Никита\.m2\repository\jakarta\inject\jakarta.inject-api\2.0.1\jakarta.inject-api-2.0.1.jar;C:\Users\Никита\.m2\repository\org\antlr\antlr4-runtime\4.10.1\antlr4-runtime-4.10.1.jar;C:\Users\Никита\.m2\repository\org\springframework\data\spring-data-jpa\3.2.0\spring-data-jpa-3.2.0.jar;C:\Users\Никита\.m2\repository\org\springframework\data\spring-data-commons\3.2.0\spring-data-commons-3.2.0.jar;C:\Users\Никита\.m2\repository\org\springframework\spring-orm\6.1.1\spring-orm-6.1.1.jar;C:\Users\Никита\.m2\repository\org\springframework\spring-context\6.1.1\spring-context-6.1.1.jar;C:\Users\Никита\.m2\repository\org\springframework\spring-tx\6.1.1\spring-tx-6.1.1.jar;C:\Users\Никита\.m2\repository\org\springframework\spring-beans\6.1.1\spring-beans-6.1.1.jar;C:\Users\Никита\.m2\repository\jakarta\annotation\jakarta.annotation-api\2.1.1\jakarta.annotation-api-2.1.1.jar;C:\Users\Никита\.m2\repository\org\slf4j\slf4j-api\2.0.9\slf4j-api-2.0.9.jar;C:\Users\Никита\.m2\repository\org\springframework\spring-aspects\6.1.1\spring-aspects-6.1.1.jar;C:\Users\Никита\.m2\repository\org\postgresql\postgresql\42.6.0\postgresql-42.6.0.jar;C:\Users\Никита\.m2\repository\org\checkerframework\checker-qual\3.31.0\checker-qual-3.31.0.jar;C:\Users\Никита\.m2\repository\org\springframework\boot\spring-boot-starter-freemarker\3.2.0\spring-boot-starter-freemarker-3.2.0.jar;C:\Users\Никита\.m2\repository\org\springframework\boot\spring-boot-starter\3.2.0\spring-boot-starter-3.2.0.jar;C:\Users\Никита\.m2\repository\org\springframework\boot\spring-boot\3.2.0\spring-boot-3.2.0.jar;C:\Users\Никита\.m2\repository\org\springframework\boot\spring-boot-autoconfigure\3.2.0\spring-boot-autoconfigure-3.2.0.jar;C:\Users\Никита\.m2\repository\org\springframework\boot\spring-boot-starter-logging\3.2.0\spring-boot-starter-logging-3.2.0.jar;C:\Users\Никита\.m2\repository\ch\qos\logback\logback-classic\1.4.11\logback-classic-1.4.11.jar;C:\Users\Никита\.m2\repository\ch\qos\logback\logback-core\1.4.11\logback-core-1.4.11.jar;C:\Users\Никита\.m2\repository\org\apache\logging\log4j\log4j-to-slf4j\2.21.1\log4j-to-slf4j-2.21.1.jar;C:\Users\Никита\.m2\repository\org\apache\logging\log4j\log4j-api\2.21.1\log4j-api-2.21.1.jar;C:\Users\Никита\.m2\repository\org\slf4j\jul-to-slf4j\2.0.9\jul-to-slf4j-2.0.9.jar;C:\Users\Никита\.m2\repository\org\yaml\snakeyaml\2.2\snakeyaml-2.2.jar;C:\Users\Никита\.m2\repository\org\freemarker\freemarker\2.3.32\freemarker-2.3.32.jar;C:\Users\Никита\.m2\repository\org\springframework\spring-context-support\6.1.1\spring-context-support-6.1.1.jar;C:\Users\Никита\.m2\repository\org\springframework\boot\spring-boot-starter-mail\3.2.0\spring-boot-starter-mail-3.2.0.jar;C:\Users\Никита\.m2\repository\org\eclipse\angus\jakarta.mail\2.0.2\jakarta.mail-2.0.2.jar;C:\Users\Никита\.m2\repository\jakarta\activation\jakarta.activation-api\2.1.2\jakarta.activation-api-2.1.2.jar;C:\Users\Никита\.m2\repository\org\eclipse\angus\angus-activation\2.0.1\angus-activation-2.0.1.jar;C:\Users\Никита\.m2\repository\org\springframework\boot\spring-boot-starter-security\3.0.4\spring-boot-starter-security-3.0.4.jar;C:\Users\Никита\.m2\repository\org\springframework\spring-aop\6.1.1\spring-aop-6.1.1.jar;C:\Users\Никита\.m2\repository\org\springframework\security\spring-security-config\6.2.0\spring-security-config-6.2.0.jar;C:\Users\Никита\.m2\repository\org\springframework\security\spring-security-web\6.2.0\spring-security-web-6.2.0.jar;C:\Users\Никита\.m2\repository\org\springframework\spring-expression\6.1.1\spring-expression-6.1.1.jar;C:\Users\Никита\.m2\repository\org\springframework\boot\spring-boot-starter-web\3.2.0\spring-boot-starter-web-3.2.0.jar;C:\Users\Никита\.m2\repository\org\springframework\boot\spring-boot-starter-json\3.2.0\spring-boot-starter-json-3.2.0.jar;C:\Users\Никита\.m2\repository\com\fasterxml\jackson\core\jackson-databind\2.15.3\jackson-databind-2.15.3.jar;C:\Users\Никита\.m2\repository\com\fasterxml\jackson\core\jackson-annotations\2.15.3\jackson-annotations-2.15.3.jar;C:\Users\Никита\.m2\repository\com\fasterxml\jackson\core\jackson-core\2.15.3\jackson-core-2.15.3.jar;C:\Users\Никита\.m2\repository\com\fasterxml\jackson\datatype\jackson-datatype-jdk8\2.15.3\jackson-datatype-jdk8-2.15.3.jar;C:\Users\Никита\.m2\repository\com\fasterxml\jackson\datatype\jackson-datatype-jsr310\2.15.3\jackson-datatype-jsr310-2.15.3.jar;C:\Users\Никита\.m2\repository\com\fasterxml\jackson\module\jackson-module-parameter-names\2.15.3\jackson-module-parameter-names-2.15.3.jar;C:\Users\Никита\.m2\repository\org\springframework\boot\spring-boot-starter-tomcat\3.2.0\spring-boot-starter-tomcat-3.2.0.jar;C:\Users\Никита\.m2\repository\org\apache\tomcat\embed\tomcat-embed-core\10.1.16\tomcat-embed-core-10.1.16.jar;C:\Users\Никита\.m2\repository\org\apache\tomcat\embed\tomcat-embed-el\10.1.16\tomcat-embed-el-10.1.16.jar;C:\Users\Никита\.m2\repository\org\apache\tomcat\embed\tomcat-embed-websocket\10.1.16\tomcat-embed-websocket-10.1.16.jar;C:\Users\Никита\.m2\repository\org\springframework\spring-web\6.1.1\spring-web-6.1.1.jar;C:\Users\Никита\.m2\repository\io\micrometer\micrometer-observation\1.12.0\micrometer-observation-1.12.0.jar;C:\Users\Никита\.m2\repository\io\micrometer\micrometer-commons\1.12.0\micrometer-commons-1.12.0.jar;C:\Users\Никита\.m2\repository\org\springframework\spring-webmvc\6.1.1\spring-webmvc-6.1.1.jar;C:\Users\Никита\.m2\repository\jakarta\xml\bind\jakarta.xml.bind-api\4.0.1\jakarta.xml.bind-api-4.0.1.jar;C:\Users\Никита\.m2\repository\org\springframework\spring-core\6.1.1\spring-core-6.1.1.jar;C:\Users\Никита\.m2\repository\org\springframework\spring-jcl\6.1.1\spring-jcl-6.1.1.jar;C:\Users\Никита\.m2\repository\org\springframework\security\spring-security-core\6.2.0\spring-security-core-6.2.0.jar;C:\Users\Никита\.m2\repository\org\springframework\security\spring-security-crypto\6.2.0\spring-security-crypto-6.2.0.jar;C:\Users\Никита\.m2\repository\org\springframework\boot\spring-boot-starter-thymeleaf\3.2.0\spring-boot-starter-thymeleaf-3.2.0.jar;C:\Users\Никита\.m2\repository\org\thymeleaf\thymeleaf-spring6\3.1.2.RELEASE\thymeleaf-spring6-3.1.2.RELEASE.jar;C:\Users\Никита\.m2\repository\org\thymeleaf\thymeleaf\3.1.2.RELEASE\thymeleaf-3.1.2.RELEASE.jar;C:\Users\Никита\.m2\repository\org\attoparser\attoparser\2.0.7.RELEASE\attoparser-2.0.7.RELEASE.jar;C:\Users\Никита\.m2\repository\org\unbescape\unbescape\1.1.6.RELEASE\unbescape-1.1.6.RELEASE.jar;C:\Users\Никита\.m2\repository\org\projectlombok\lombok\1.18.30\lombok-1.18.30.jar;C:\Users\Никита\.m2\repository\commons-io\commons-io\2.5\commons-io-2.5.jar
Launcher Type: SUN_STANDARD

[Global flags]
     intx CICompilerCount                          = 3                                         {product} {ergonomic}
     uint ConcGCThreads                            = 1                                         {product} {ergonomic}
     uint G1ConcRefinementThreads                  = 4                                         {product} {ergonomic}
   size_t G1HeapRegionSize                         = 1048576                                   {product} {ergonomic}
    uintx GCDrainStackTargetSize                   = 64                                        {product} {ergonomic}
   size_t InitialHeapSize                          = 65011712                                  {product} {ergonomic}
   size_t MarkStackSize                            = 4194304                                   {product} {ergonomic}
   size_t MaxHeapSize                              = 1038090240                                {product} {ergonomic}
   size_t MaxNewSize                               = 622854144                                 {product} {ergonomic}
   size_t MinHeapDeltaBytes                        = 1048576                                   {product} {ergonomic}
   size_t MinHeapSize                              = 8388608                                   {product} {ergonomic}
    uintx NonNMethodCodeHeapSize                   = 5832780                                {pd product} {ergonomic}
    uintx NonProfiledCodeHeapSize                  = 122912730                              {pd product} {ergonomic}
    uintx ProfiledCodeHeapSize                     = 122912730                              {pd product} {ergonomic}
    uintx ReservedCodeCacheSize                    = 251658240                              {pd product} {ergonomic}
     bool SegmentedCodeCache                       = true                                      {product} {ergonomic}
   size_t SoftMaxHeapSize                          = 1038090240                             {manageable} {ergonomic}
     bool UseCompressedOops                        = true                           {product lp64_product} {ergonomic}
     bool UseG1GC                                  = true                                      {product} {ergonomic}
     bool UseLargePagesIndividualAllocation        = false                                  {pd product} {ergonomic}

Logging:
Log output configuration:
 #0: stdout all=warning uptime,level,tags foldmultilines=false
 #1: stderr all=off uptime,level,tags foldmultilines=false

Environment Variables:
PATH=C:\Program Files\Common Files\Oracle\Java\javapath;C:\Windows\system32;C:\Windows;C:\Windows\System32\Wbem;C:\Windows\System32\WindowsPowerShell\v1.0\;C:\Windows\System32\OpenSSH\;C:\Program Files\Intel\WiFi\bin\;C:\Program Files\Common Files\Intel\WirelessCommon\;C:\Program Files\dotnet\;C:\Program Files (x86)\Windows Kits\10\Windows Performance Toolkit\;C:\Users\Никита\AppData\Local\Microsoft\WindowsApps;C:\Users\Никита\.dotnet\tools
USERNAME=Никита
OS=Windows_NT
PROCESSOR_IDENTIFIER=Intel64 Family 6 Model 92 Stepping 9, GenuineIntel
TMP=C:\Users\843E~1\AppData\Local\Temp
TEMP=C:\Users\843E~1\AppData\Local\Temp




Periodic native trim disabled

---------------  S Y S T E M  ---------------

OS:
 Windows 10 , 64 bit Build 19041 (10.0.19041.3636)
OS uptime: 4 days 21:33 hours

CPU: total 4 (initial active 4) (4 cores per cpu, 1 threads per core) family 6 model 92 stepping 9 microcode 0x32, cx8, cmov, fxsr, mmx, 3dnowpref, sse, sse2, sse3, ssse3, sse4.1, sse4.2, popcnt, tsc, tscinvbit, aes, erms, clmul, sha, clflush, clflushopt, rdtscp
Processor Information for all 4 processors :
  Max Mhz: 1101, Current Mhz: 1101, Mhz Limit: 1101

Memory: 4k page, system-wide physical 3959M (97M free)
TotalPageFile size 16247M (AvailPageFile size 4M)
current process WorkingSet (physical memory assigned to process): 193M, peak: 203M
current process commit charge ("private bytes"): 235M, peak: 242M

vm_info: OpenJDK 64-Bit Server VM (21.0.1+12-29) for windows-amd64 JRE (21.0.1+12-29), built on 2023-10-05T13:27:09Z by "mach5one" with MS VC++ 17.1 (VS2022)

END.
